{
  "stats": {
    "suites": 12,
    "tests": 41,
    "passes": 25,
    "pending": 0,
    "failures": 16,
    "start": "2021-11-23T11:56:23.977Z",
    "end": "2021-11-23T11:58:03.573Z",
    "duration": 99596,
    "testsRegistered": 41,
    "passPercent": 60.97560975609756,
    "pendingPercent": 0,
    "other": 0,
    "hasOther": false,
    "skipped": 0,
    "hasSkipped": false
  },
  "results": [
    {
      "uuid": "8c6b88d0-6ec3-45f5-a48f-80e684c757ec",
      "title": "",
      "fullFile": "cypress/integration/project.spec.js",
      "file": "cypress/integration/project.spec.js",
      "beforeHooks": [],
      "afterHooks": [],
      "tests": [],
      "suites": [
        {
          "uuid": "fbfc9d24-13a4-401d-8704-041916822218",
          "title": "1 - Adicione à página o título \"Paleta de Cores\".",
          "fullFile": "",
          "file": "",
          "beforeHooks": [],
          "afterHooks": [],
          "tests": [
            {
              "title": "Verifica se contém um elemento `h1` com o id `title` com o título correto",
              "fullTitle": "1 - Adicione à página o título \"Paleta de Cores\". Verifica se contém um elemento `h1` com o id `title` com o título correto",
              "timedOut": null,
              "duration": 224,
              "state": "passed",
              "speed": "slow",
              "pass": true,
              "fail": false,
              "pending": false,
              "context": null,
              "code": "cy.get('h1#title').should('contain.text', 'Paleta de Cores');",
              "err": {},
              "uuid": "5b6a3f82-e7f0-4641-ace4-e80b00f97614",
              "parentUUID": "fbfc9d24-13a4-401d-8704-041916822218",
              "isHook": false,
              "skipped": false
            }
          ],
          "suites": [],
          "passes": [
            "5b6a3f82-e7f0-4641-ace4-e80b00f97614"
          ],
          "failures": [],
          "pending": [],
          "skipped": [],
          "duration": 224,
          "root": false,
          "rootEmpty": false,
          "_timeout": 2000
        },
        {
          "uuid": "2d90e94f-95c8-420d-878a-2916d484a1d6",
          "title": "2 - Adicione à página uma paleta de quatro cores distintas.",
          "fullFile": "",
          "file": "",
          "beforeHooks": [],
          "afterHooks": [],
          "tests": [
            {
              "title": "A paleta de cores deve ser um elemento com `id` denominado `color-palette`",
              "fullTitle": "2 - Adicione à página uma paleta de quatro cores distintas. A paleta de cores deve ser um elemento com `id` denominado `color-palette`",
              "timedOut": null,
              "duration": 193,
              "state": "passed",
              "speed": "slow",
              "pass": true,
              "fail": false,
              "pending": false,
              "context": null,
              "code": "cy.get('#color-palette').should('be.visible');\ncy.get('#color-palette').children('.color');",
              "err": {},
              "uuid": "05c1d91c-2063-4edd-93ee-fa2c496bffc0",
              "parentUUID": "2d90e94f-95c8-420d-878a-2916d484a1d6",
              "isHook": false,
              "skipped": false
            },
            {
              "title": "Verifica se cada cor individual da paleta de cores possui a `classe` chamada `color`.",
              "fullTitle": "2 - Adicione à página uma paleta de quatro cores distintas. Verifica se cada cor individual da paleta de cores possui a `classe` chamada `color`.",
              "timedOut": null,
              "duration": 210,
              "state": "passed",
              "speed": "slow",
              "pass": true,
              "fail": false,
              "pending": false,
              "context": null,
              "code": "cy.get('.color').should('have.length', 4).then(function (colors) {\n  for (var i = 0; i < colors.length; i++) {\n    cy.wrap(colors[i]).should('be.visible');\n  }\n});",
              "err": {},
              "uuid": "7bb59584-2d7e-46e9-8ffd-1adbb27f2958",
              "parentUUID": "2d90e94f-95c8-420d-878a-2916d484a1d6",
              "isHook": false,
              "skipped": false
            },
            {
              "title": "Verifica se a cor de fundo de cada elemento da paleta é a cor que o elemento representa. **A única cor não permitida na paleta é a cor branca.**",
              "fullTitle": "2 - Adicione à página uma paleta de quatro cores distintas. Verifica se a cor de fundo de cada elemento da paleta é a cor que o elemento representa. **A única cor não permitida na paleta é a cor branca.**",
              "timedOut": null,
              "duration": 233,
              "state": "passed",
              "speed": "slow",
              "pass": true,
              "fail": false,
              "pending": false,
              "context": null,
              "code": "cy.get('.color').each(function (color) {\n  cy.wrap(color).should('have.class', 'color').and('not.have.css', 'background-color', WHITE);\n  cy.wrap(color).should('have.css', 'background-color');\n});",
              "err": {},
              "uuid": "35e190fe-3ac6-4bb1-8ed9-c18b31f06237",
              "parentUUID": "2d90e94f-95c8-420d-878a-2916d484a1d6",
              "isHook": false,
              "skipped": false
            },
            {
              "title": "Verifica se cada elemento da paleta de cores tem uma borda preta, sólida e com 1 pixel de largura;",
              "fullTitle": "2 - Adicione à página uma paleta de quatro cores distintas. Verifica se cada elemento da paleta de cores tem uma borda preta, sólida e com 1 pixel de largura;",
              "timedOut": null,
              "duration": 179,
              "state": "passed",
              "speed": "slow",
              "pass": true,
              "fail": false,
              "pending": false,
              "context": null,
              "code": "cy.get('.color').each(function (color) {\n  cy.wrap(color).and('have.css', 'border', \"1px solid \".concat(BLACK)).and('have.class', 'color');\n});",
              "err": {},
              "uuid": "a43737e3-72df-4bf5-84dc-8f3a786ffdd9",
              "parentUUID": "2d90e94f-95c8-420d-878a-2916d484a1d6",
              "isHook": false,
              "skipped": false
            },
            {
              "title": "Verifica se a paleta lista todas as cores disponíveis para utilização, lado a lado.",
              "fullTitle": "2 - Adicione à página uma paleta de quatro cores distintas. Verifica se a paleta lista todas as cores disponíveis para utilização, lado a lado.",
              "timedOut": null,
              "duration": 4397,
              "state": "failed",
              "speed": null,
              "pass": false,
              "fail": true,
              "pending": false,
              "context": null,
              "code": "cy.get('.color').then(function (colors) {\n  for (var index = 1; index < colors.length; index += 1) {\n    var currentColor = colors[index];\n    var previousColor = colors[index - 1];\n    cy.wrap(currentColor).should('be.onTheRightOf', previousColor).and('be.horizontallyAlignedWith', previousColor);\n  }\n});",
              "err": {
                "message": "CypressError: Timed out retrying: expected '<div#color2.color>' to be horizontally aligned with <div class=\"color selected\" id=\"color1\" style=\"background-color: rgb(0, 0, 0);\"> </div>",
                "estack": "CypressError: Timed out retrying: expected '<div#color2.color>' to be horizontally aligned with <div class=\"color selected\" id=\"color1\" style=\"background-color: rgb(0, 0, 0);\"> </div>\n    at cypressErr (http://localhost:42045/__cypress/runner/cypress_runner.js:149934:9)\n    at throwErr (http://localhost:42045/__cypress/runner/cypress_runner.js:149867:11)\n    at Object.throwErrByPath (http://localhost:42045/__cypress/runner/cypress_runner.js:149915:3)\n    at retry (http://localhost:42045/__cypress/runner/cypress_runner.js:144197:19)\n    at onFailFn (http://localhost:42045/__cypress/runner/cypress_runner.js:132448:16)\n    at tryCatcher (http://localhost:42045/__cypress/runner/cypress_runner.js:167415:23)\n    at Promise._settlePromiseFromHandler (http://localhost:42045/__cypress/runner/cypress_runner.js:165351:31)\n    at Promise._settlePromise (http://localhost:42045/__cypress/runner/cypress_runner.js:165408:18)\n    at Promise._settlePromise0 (http://localhost:42045/__cypress/runner/cypress_runner.js:165453:10)\n    at Promise._settlePromises (http://localhost:42045/__cypress/runner/cypress_runner.js:165528:18)\n    at Async../node_modules/bluebird/js/release/async.js.Async._drainQueue (http://localhost:42045/__cypress/runner/cypress_runner.js:162140:16)\n    at Async../node_modules/bluebird/js/release/async.js.Async._drainQueues (http://localhost:42045/__cypress/runner/cypress_runner.js:162150:10)\n    at Async.drainQueues (http://localhost:42045/__cypress/runner/cypress_runner.js:162024:14)",
                "diff": null
              },
              "uuid": "a462a780-b094-4c2f-9fcf-e5dbf9d88964",
              "parentUUID": "2d90e94f-95c8-420d-878a-2916d484a1d6",
              "isHook": false,
              "skipped": false
            },
            {
              "title": "Verifica se a paleta de cores está posicionada abaixo do título 'Paleta de Cores'",
              "fullTitle": "2 - Adicione à página uma paleta de quatro cores distintas. Verifica se a paleta de cores está posicionada abaixo do título 'Paleta de Cores'",
              "timedOut": null,
              "duration": 217,
              "state": "passed",
              "speed": "slow",
              "pass": true,
              "fail": false,
              "pending": false,
              "context": null,
              "code": "cy.get('h1#title').then(function (title) {\n  cy.get('#color-palette').should('be.belowOf', title);\n});",
              "err": {},
              "uuid": "f21febd4-a86a-4cf4-b054-6862069cefc4",
              "parentUUID": "2d90e94f-95c8-420d-878a-2916d484a1d6",
              "isHook": false,
              "skipped": false
            },
            {
              "title": "Verifica se a paleta de cores não contém cores repetidas.",
              "fullTitle": "2 - Adicione à página uma paleta de quatro cores distintas. Verifica se a paleta de cores não contém cores repetidas.",
              "timedOut": null,
              "duration": 133,
              "state": "passed",
              "speed": "slow",
              "pass": true,
              "fail": false,
              "pending": false,
              "context": null,
              "code": "cy.get('.color').then(function (colors) {\n  var allColors = Array.from(colors).map(function (color) {\n    return Cypress.$(color).css('background-color');\n  });\n  cy.log(allColors);\n  var uniqColors = (0, _toConsumableArray2[\"default\"])(new Set(allColors));\n  cy.log(uniqColors);\n  expect(allColors.length).to.eq(uniqColors.length);\n});",
              "err": {},
              "uuid": "f056a3f0-a9c0-4765-bc00-4144340976a5",
              "parentUUID": "2d90e94f-95c8-420d-878a-2916d484a1d6",
              "isHook": false,
              "skipped": false
            }
          ],
          "suites": [],
          "passes": [
            "05c1d91c-2063-4edd-93ee-fa2c496bffc0",
            "7bb59584-2d7e-46e9-8ffd-1adbb27f2958",
            "35e190fe-3ac6-4bb1-8ed9-c18b31f06237",
            "a43737e3-72df-4bf5-84dc-8f3a786ffdd9",
            "f21febd4-a86a-4cf4-b054-6862069cefc4",
            "f056a3f0-a9c0-4765-bc00-4144340976a5"
          ],
          "failures": [
            "a462a780-b094-4c2f-9fcf-e5dbf9d88964"
          ],
          "pending": [],
          "skipped": [],
          "duration": 5562,
          "root": false,
          "rootEmpty": false,
          "_timeout": 2000
        },
        {
          "uuid": "98cd54bd-33db-48f3-b4ec-379c2642e51c",
          "title": "3 - Adicione a cor **preta** como a primeira cor da paleta de cores.",
          "fullFile": "",
          "file": "",
          "beforeHooks": [],
          "afterHooks": [],
          "tests": [
            {
              "title": "Verifica se a primeira cor da paleta é preta",
              "fullTitle": "3 - Adicione a cor **preta** como a primeira cor da paleta de cores. Verifica se a primeira cor da paleta é preta",
              "timedOut": null,
              "duration": 199,
              "state": "passed",
              "speed": "slow",
              "pass": true,
              "fail": false,
              "pending": false,
              "context": null,
              "code": "cy.get('.color').first().should('have.css', 'background-color', BLACK);",
              "err": {},
              "uuid": "38f840f1-e8fa-4581-9610-5ce1d92479a4",
              "parentUUID": "98cd54bd-33db-48f3-b4ec-379c2642e51c",
              "isHook": false,
              "skipped": false
            },
            {
              "title": "Verifica se as demais cores podem ser escolhidas livremente.",
              "fullTitle": "3 - Adicione a cor **preta** como a primeira cor da paleta de cores. Verifica se as demais cores podem ser escolhidas livremente.",
              "timedOut": null,
              "duration": 192,
              "state": "passed",
              "speed": "slow",
              "pass": true,
              "fail": false,
              "pending": false,
              "context": null,
              "code": "cy.get('.color').eq(1).should('not.have.css', 'background-color', BLACK);\ncy.get('.color').eq(1).should('not.have.css', 'background-color', WHITE);\ncy.get('.color').eq(1).should('not.have.css', 'background-color', 'rgba(0, 0, 0, 0)');\ncy.get('.color').eq(1).should('have.css', 'background-color');\ncy.get('.color').eq(2).should('not.have.css', 'background-color', BLACK);\ncy.get('.color').eq(2).should('not.have.css', 'background-color', WHITE);\ncy.get('.color').eq(2).should('not.have.css', 'background-color', 'rgba(0, 0, 0, 0)');\ncy.get('.color').eq(2).should('have.css', 'background-color');\ncy.get('.color').eq(3).should('not.have.css', 'background-color', BLACK);\ncy.get('.color').eq(3).should('not.have.css', 'background-color', WHITE);\ncy.get('.color').eq(3).should('not.have.css', 'background-color', 'rgba(0, 0, 0, 0)');\ncy.get('.color').eq(3).should('have.css', 'background-color');",
              "err": {},
              "uuid": "9ad0d6e8-a4be-44d1-9a03-42a55ee80539",
              "parentUUID": "98cd54bd-33db-48f3-b4ec-379c2642e51c",
              "isHook": false,
              "skipped": false
            }
          ],
          "suites": [],
          "passes": [
            "38f840f1-e8fa-4581-9610-5ce1d92479a4",
            "9ad0d6e8-a4be-44d1-9a03-42a55ee80539"
          ],
          "failures": [],
          "pending": [],
          "skipped": [],
          "duration": 391,
          "root": false,
          "rootEmpty": false,
          "_timeout": 2000
        },
        {
          "uuid": "743c6e48-8c76-4028-b28d-47be2177515e",
          "title": "4 - Adicione à página um quadro de pixels, com 25 pixels.",
          "fullFile": "",
          "file": "",
          "beforeHooks": [],
          "afterHooks": [],
          "tests": [
            {
              "title": "Verifica se o quadro de pixels possui o `id` denominado `pixel-board`",
              "fullTitle": "4 - Adicione à página um quadro de pixels, com 25 pixels. Verifica se o quadro de pixels possui o `id` denominado `pixel-board`",
              "timedOut": null,
              "duration": 112,
              "state": "passed",
              "speed": "slow",
              "pass": true,
              "fail": false,
              "pending": false,
              "context": null,
              "code": "cy.get('#pixel-board').should('be.visible');",
              "err": {},
              "uuid": "b2a8ab42-05e5-4fed-b2ce-d46be52947fd",
              "parentUUID": "743c6e48-8c76-4028-b28d-47be2177515e",
              "isHook": false,
              "skipped": false
            },
            {
              "title": "Verifica se cada pixel individual dentro do quadro possui a `classe` denominada `pixel`.",
              "fullTitle": "4 - Adicione à página um quadro de pixels, com 25 pixels. Verifica se cada pixel individual dentro do quadro possui a `classe` denominada `pixel`.",
              "timedOut": null,
              "duration": 125,
              "state": "passed",
              "speed": "slow",
              "pass": true,
              "fail": false,
              "pending": false,
              "context": null,
              "code": "cy.get('.pixel').should('have.length', 25);",
              "err": {},
              "uuid": "31543d35-d8ca-4006-908c-ac70e09e2786",
              "parentUUID": "743c6e48-8c76-4028-b28d-47be2177515e",
              "isHook": false,
              "skipped": false
            },
            {
              "title": "Verifica se a cor inicial dos pixels dentro do quadro, ao abrir a página, é branca.",
              "fullTitle": "4 - Adicione à página um quadro de pixels, com 25 pixels. Verifica se a cor inicial dos pixels dentro do quadro, ao abrir a página, é branca.",
              "timedOut": null,
              "duration": 168,
              "state": "passed",
              "speed": "slow",
              "pass": true,
              "fail": false,
              "pending": false,
              "context": null,
              "code": "cy.get('.pixel').should('have.length', 25).each(function (pixel) {\n  expect(pixel).to.have.css('background-color', WHITE);\n});",
              "err": {},
              "uuid": "63bb4409-804b-4faa-aa96-bfe02e582745",
              "parentUUID": "743c6e48-8c76-4028-b28d-47be2177515e",
              "isHook": false,
              "skipped": false
            },
            {
              "title": "Verifica se o quadro de pixels aparece abaixo da paleta de cores",
              "fullTitle": "4 - Adicione à página um quadro de pixels, com 25 pixels. Verifica se o quadro de pixels aparece abaixo da paleta de cores",
              "timedOut": null,
              "duration": 104,
              "state": "passed",
              "speed": "slow",
              "pass": true,
              "fail": false,
              "pending": false,
              "context": null,
              "code": "cy.get('#color-palette').then(function (palette) {\n  cy.get('#pixel-board').should('be.belowOf', palette);\n});",
              "err": {},
              "uuid": "789f9708-66a8-4956-8935-96bc050b7f19",
              "parentUUID": "743c6e48-8c76-4028-b28d-47be2177515e",
              "isHook": false,
              "skipped": false
            }
          ],
          "suites": [],
          "passes": [
            "b2a8ab42-05e5-4fed-b2ce-d46be52947fd",
            "31543d35-d8ca-4006-908c-ac70e09e2786",
            "63bb4409-804b-4faa-aa96-bfe02e582745",
            "789f9708-66a8-4956-8935-96bc050b7f19"
          ],
          "failures": [],
          "pending": [],
          "skipped": [],
          "duration": 509,
          "root": false,
          "rootEmpty": false,
          "_timeout": 2000
        },
        {
          "uuid": "5d8d3bbe-786c-417b-8d5f-cbab09511886",
          "title": "5 - Faça com que cada elemento do quadro de pixels possua 40 pixels de largura, 40 pixels de altura e seja delimitado por uma borda preta de 1 pixel.",
          "fullFile": "",
          "file": "",
          "beforeHooks": [],
          "afterHooks": [],
          "tests": [
            {
              "title": "Verifica se o quadro de pixels tem altura e comprimento de 5 elementos",
              "fullTitle": "5 - Faça com que cada elemento do quadro de pixels possua 40 pixels de largura, 40 pixels de altura e seja delimitado por uma borda preta de 1 pixel. Verifica se o quadro de pixels tem altura e comprimento de 5 elementos",
              "timedOut": null,
              "duration": 312,
              "state": "passed",
              "speed": "slow",
              "pass": true,
              "fail": false,
              "pending": false,
              "context": null,
              "code": "cy.get('.pixel').should('have.length', 25).each(function (pixel) {\n  expect(pixel).to.have.css('background-color', WHITE);\n}).and(function (pixels) {\n  var rows = chunk(pixels, 5);\n  rows.forEach(function (row) {\n    for (var index = 1; index < row.length; index += 1) {\n      var current = pixels[index];\n      var previous = pixels[index - 1];\n      cy.wrap(current).should('be.onTheRightOf', previous).and('be.horizontallyAlignedWith', previous);\n    }\n  });\n  for (var index = 1; index < 5; index += 1) {\n    expect(pixels[index * 5]).to.be.belowOf(pixels[(index - 1) * 5]);\n  }\n});",
              "err": {},
              "uuid": "b3423c08-8033-45f0-803f-d784f79c9f8a",
              "parentUUID": "5d8d3bbe-786c-417b-8d5f-cbab09511886",
              "isHook": false,
              "skipped": false
            },
            {
              "title": "Verifica se 40 pixels é o tamanho total do elemento, incluindo seu conteúdo e excluindo a borda preta, que deve ser criada à parte.",
              "fullTitle": "5 - Faça com que cada elemento do quadro de pixels possua 40 pixels de largura, 40 pixels de altura e seja delimitado por uma borda preta de 1 pixel. Verifica se 40 pixels é o tamanho total do elemento, incluindo seu conteúdo e excluindo a borda preta, que deve ser criada à parte.",
              "timedOut": null,
              "duration": 4416,
              "state": "failed",
              "speed": null,
              "pass": false,
              "fail": true,
              "pending": false,
              "context": null,
              "code": "cy.get('.pixel').each(function (pixel) {\n  cy.wrap(pixel).should('have.css', 'height', '40px').and('have.css', 'width', '40px').and('have.css', 'border', \"1px solid \".concat(BLACK));\n});",
              "err": {
                "message": "CypressError: Timed out retrying: expected '<div.pixel>' to have CSS property 'height' with the value '40px', but the value was '78px'",
                "estack": "CypressError: Timed out retrying: expected '<div.pixel>' to have CSS property 'height' with the value '40px', but the value was '78px'\n    at cypressErr (http://localhost:42045/__cypress/runner/cypress_runner.js:149934:9)\n    at throwErr (http://localhost:42045/__cypress/runner/cypress_runner.js:149867:11)\n    at Object.throwErrByPath (http://localhost:42045/__cypress/runner/cypress_runner.js:149915:3)\n    at retry (http://localhost:42045/__cypress/runner/cypress_runner.js:144197:19)\n    at onFailFn (http://localhost:42045/__cypress/runner/cypress_runner.js:132448:16)\n    at tryCatcher (http://localhost:42045/__cypress/runner/cypress_runner.js:167415:23)\n    at Promise._settlePromiseFromHandler (http://localhost:42045/__cypress/runner/cypress_runner.js:165351:31)\n    at Promise._settlePromise (http://localhost:42045/__cypress/runner/cypress_runner.js:165408:18)\n    at Promise._settlePromise0 (http://localhost:42045/__cypress/runner/cypress_runner.js:165453:10)\n    at Promise._settlePromises (http://localhost:42045/__cypress/runner/cypress_runner.js:165528:18)\n    at Async../node_modules/bluebird/js/release/async.js.Async._drainQueue (http://localhost:42045/__cypress/runner/cypress_runner.js:162140:16)\n    at Async../node_modules/bluebird/js/release/async.js.Async._drainQueues (http://localhost:42045/__cypress/runner/cypress_runner.js:162150:10)\n    at Async.drainQueues (http://localhost:42045/__cypress/runner/cypress_runner.js:162024:14)",
                "diff": null
              },
              "uuid": "2e892357-ce42-4422-b8a2-1ed02e2a1c3c",
              "parentUUID": "5d8d3bbe-786c-417b-8d5f-cbab09511886",
              "isHook": false,
              "skipped": false
            }
          ],
          "suites": [],
          "passes": [
            "b3423c08-8033-45f0-803f-d784f79c9f8a"
          ],
          "failures": [
            "2e892357-ce42-4422-b8a2-1ed02e2a1c3c"
          ],
          "pending": [],
          "skipped": [],
          "duration": 4728,
          "root": false,
          "rootEmpty": false,
          "_timeout": 2000
        },
        {
          "uuid": "e90b6d5c-8bdc-419b-b554-a90dd47518da",
          "title": "6 - Defina a cor preta como cor inicial. Ao carregar a página a cor preta já deve estar selecionada para pintar os pixels",
          "fullFile": "",
          "file": "",
          "beforeHooks": [],
          "afterHooks": [],
          "tests": [
            {
              "title": "Verifica se o elemento da cor preta possui, inicialmente, a `classe` `selected`",
              "fullTitle": "6 - Defina a cor preta como cor inicial. Ao carregar a página a cor preta já deve estar selecionada para pintar os pixels Verifica se o elemento da cor preta possui, inicialmente, a `classe` `selected`",
              "timedOut": null,
              "duration": 192,
              "state": "passed",
              "speed": "slow",
              "pass": true,
              "fail": false,
              "pending": false,
              "context": null,
              "code": "cy.get('.selected').first().should('have.css', 'background-color', BLACK);",
              "err": {},
              "uuid": "c005b088-fa34-4465-be51-fe8cb2177124",
              "parentUUID": "e90b6d5c-8bdc-419b-b554-a90dd47518da",
              "isHook": false,
              "skipped": false
            },
            {
              "title": "Verifica se nenhuma outra cor da paleta tem a `classe` `selected`",
              "fullTitle": "6 - Defina a cor preta como cor inicial. Ao carregar a página a cor preta já deve estar selecionada para pintar os pixels Verifica se nenhuma outra cor da paleta tem a `classe` `selected`",
              "timedOut": null,
              "duration": 194,
              "state": "passed",
              "speed": "slow",
              "pass": true,
              "fail": false,
              "pending": false,
              "context": null,
              "code": "cy.get('.color:not(:first-child)').each(function (color) {\n  cy.wrap(color).should('not.have.class', 'selected');\n});",
              "err": {},
              "uuid": "8fccea46-003b-44d4-8661-1e8aeb689c0d",
              "parentUUID": "e90b6d5c-8bdc-419b-b554-a90dd47518da",
              "isHook": false,
              "skipped": false
            }
          ],
          "suites": [],
          "passes": [
            "c005b088-fa34-4465-be51-fe8cb2177124",
            "8fccea46-003b-44d4-8661-1e8aeb689c0d"
          ],
          "failures": [],
          "pending": [],
          "skipped": [],
          "duration": 386,
          "root": false,
          "rootEmpty": false,
          "_timeout": 2000
        },
        {
          "uuid": "860e8c2d-395f-42a6-87f7-83e7ed318cf7",
          "title": "7 - Clicar em uma das cores da paleta, faz com que ela seja selecionada e utilizada para preencher os pixels no quadro.",
          "fullFile": "",
          "file": "",
          "beforeHooks": [],
          "afterHooks": [],
          "tests": [
            {
              "title": "Verifica se somente uma cor da paleta de cores tem a classe `selected` de cada vez",
              "fullTitle": "7 - Clicar em uma das cores da paleta, faz com que ela seja selecionada e utilizada para preencher os pixels no quadro. Verifica se somente uma cor da paleta de cores tem a classe `selected` de cada vez",
              "timedOut": null,
              "duration": 739,
              "state": "passed",
              "speed": "slow",
              "pass": true,
              "fail": false,
              "pending": false,
              "context": null,
              "code": "cy.get('.color').each(function (selectedColor, selectedColorIndex) {\n  cy.wrap(selectedColor).click();\n  cy.get('.color').each(function (color, colorIndex) {\n    if (colorIndex === selectedColorIndex) {\n      expect(color).to.have[\"class\"]('selected');\n    } else {\n      expect(color).not.to.have[\"class\"]('selected');\n    }\n  });\n});",
              "err": {},
              "uuid": "8bb0f84c-76a8-4b0d-835d-baefcec16d60",
              "parentUUID": "860e8c2d-395f-42a6-87f7-83e7ed318cf7",
              "isHook": false,
              "skipped": false
            },
            {
              "title": "Verifica se os pixels dentro do quadro não têm a classe `selected` quando são clicados",
              "fullTitle": "7 - Clicar em uma das cores da paleta, faz com que ela seja selecionada e utilizada para preencher os pixels no quadro. Verifica se os pixels dentro do quadro não têm a classe `selected` quando são clicados",
              "timedOut": null,
              "duration": 10207,
              "state": "passed",
              "speed": "slow",
              "pass": true,
              "fail": false,
              "pending": false,
              "context": null,
              "code": "cy.get('.color').each(function (color) {\n  var backgroundColor = color.css('background-color');\n  cy.wrap(color).click();\n  cy.get('.pixel').each(function (pixel) {\n    cy.wrap(pixel).click().should('not.have.class', 'selected');\n  });\n});",
              "err": {},
              "uuid": "e216c5de-fa14-43a6-901c-6b4c00f69929",
              "parentUUID": "860e8c2d-395f-42a6-87f7-83e7ed318cf7",
              "isHook": false,
              "skipped": false
            }
          ],
          "suites": [],
          "passes": [
            "8bb0f84c-76a8-4b0d-835d-baefcec16d60",
            "e216c5de-fa14-43a6-901c-6b4c00f69929"
          ],
          "failures": [],
          "pending": [],
          "skipped": [],
          "duration": 10946,
          "root": false,
          "rootEmpty": false,
          "_timeout": 2000
        },
        {
          "uuid": "1d59599a-f301-4f6e-8855-570230624e78",
          "title": "8 - Clicar em um pixel dentro do quadro após selecionar uma cor na paleta, faz com que o pixel seja preenchido com a cor selecionada.",
          "fullFile": "",
          "file": "",
          "beforeHooks": [],
          "afterHooks": [],
          "tests": [
            {
              "title": "Verifica se ao carregar a página deve ser possível pintar os pixels de preto",
              "fullTitle": "8 - Clicar em um pixel dentro do quadro após selecionar uma cor na paleta, faz com que o pixel seja preenchido com a cor selecionada. Verifica se ao carregar a página deve ser possível pintar os pixels de preto",
              "timedOut": null,
              "duration": 2632,
              "state": "passed",
              "speed": "slow",
              "pass": true,
              "fail": false,
              "pending": false,
              "context": null,
              "code": "cy.get('.pixel').each(function (pixel) {\n  cy.wrap(pixel).click().should('have.css', 'background-color', BLACK);\n});",
              "err": {},
              "uuid": "da6cc581-2872-4abf-9992-bd88f99870a2",
              "parentUUID": "1d59599a-f301-4f6e-8855-570230624e78",
              "isHook": false,
              "skipped": false
            },
            {
              "title": "Verifica se após selecionar uma outra cor na paleta, é possível pintar os pixels com essa cor",
              "fullTitle": "8 - Clicar em um pixel dentro do quadro após selecionar uma cor na paleta, faz com que o pixel seja preenchido com a cor selecionada. Verifica se após selecionar uma outra cor na paleta, é possível pintar os pixels com essa cor",
              "timedOut": null,
              "duration": 9855,
              "state": "passed",
              "speed": "slow",
              "pass": true,
              "fail": false,
              "pending": false,
              "context": null,
              "code": "cy.get('.color').each(function (color) {\n  var backgroundColor = color.css('background-color');\n  cy.wrap(color).click();\n  cy.get('.pixel').each(function (pixel) {\n    cy.wrap(pixel).click().should('have.css', 'background-color', backgroundColor);\n  });\n});",
              "err": {},
              "uuid": "b3b79da6-299b-46bf-ad4c-f3fb69c99501",
              "parentUUID": "1d59599a-f301-4f6e-8855-570230624e78",
              "isHook": false,
              "skipped": false
            },
            {
              "title": "Verifica se somente o pixel que foi clicado foi preenchido com a cor selecionada, sem influenciar na cor dos demais pixels.",
              "fullTitle": "8 - Clicar em um pixel dentro do quadro após selecionar uma cor na paleta, faz com que o pixel seja preenchido com a cor selecionada. Verifica se somente o pixel que foi clicado foi preenchido com a cor selecionada, sem influenciar na cor dos demais pixels.",
              "timedOut": null,
              "duration": 2697,
              "state": "passed",
              "speed": "slow",
              "pass": true,
              "fail": false,
              "pending": false,
              "context": null,
              "code": "var colorToPixelIndexMap = {\n  0: 6,\n  1: 8,\n  2: 16,\n  3: 18\n};\ncy.get('.color').each(function (color, index) {\n  cy.wrap(color).click();\n  var backgroundColor = color.css('background-color');\n  var clickedPixelIndex = colorToPixelIndexMap[index];\n  cy.get('.pixel').eq(clickedPixelIndex).click();\n  cy.get('.pixel').eq(clickedPixelIndex - 1).should('not.have.css', 'background-color', backgroundColor);\n  cy.get('.pixel').eq(clickedPixelIndex + 1).should('not.have.css', 'background-color', backgroundColor);\n  cy.get('.pixel').eq(clickedPixelIndex - 5).should('not.have.css', 'background-color', backgroundColor);\n  cy.get('.pixel').eq(clickedPixelIndex + 5).should('not.have.css', 'background-color', backgroundColor);\n  cy.get('.pixel').eq(clickedPixelIndex - 6).should('not.have.css', 'background-color', backgroundColor);\n  cy.get('.pixel').eq(clickedPixelIndex - 4).should('not.have.css', 'background-color', backgroundColor);\n  cy.get('.pixel').eq(clickedPixelIndex + 4).should('not.have.css', 'background-color', backgroundColor);\n  cy.get('.pixel').eq(clickedPixelIndex + 6).should('not.have.css', 'background-color', backgroundColor);\n});",
              "err": {},
              "uuid": "f510c62c-4b30-4c99-80d9-41988ebed9cf",
              "parentUUID": "1d59599a-f301-4f6e-8855-570230624e78",
              "isHook": false,
              "skipped": false
            }
          ],
          "suites": [],
          "passes": [
            "da6cc581-2872-4abf-9992-bd88f99870a2",
            "b3b79da6-299b-46bf-ad4c-f3fb69c99501",
            "f510c62c-4b30-4c99-80d9-41988ebed9cf"
          ],
          "failures": [],
          "pending": [],
          "skipped": [],
          "duration": 15184,
          "root": false,
          "rootEmpty": false,
          "_timeout": 2000
        },
        {
          "uuid": "70659119-ff29-4a3d-97b7-6e04885d199d",
          "title": "9 - Crie um botão que, ao ser clicado, limpa o quadro preenchendo a cor de todos seus pixels com branco.",
          "fullFile": "",
          "file": "",
          "beforeHooks": [],
          "afterHooks": [],
          "tests": [
            {
              "title": "Verifica se o botão tem o `id` denominado `clear-board`",
              "fullTitle": "9 - Crie um botão que, ao ser clicado, limpa o quadro preenchendo a cor de todos seus pixels com branco. Verifica se o botão tem o `id` denominado `clear-board`",
              "timedOut": null,
              "duration": 212,
              "state": "passed",
              "speed": "slow",
              "pass": true,
              "fail": false,
              "pending": false,
              "context": null,
              "code": "cy.get('#clear-board').should('be.visible');",
              "err": {},
              "uuid": "3d13ae30-2d0f-491e-b7c2-3afd5a797c3f",
              "parentUUID": "70659119-ff29-4a3d-97b7-6e04885d199d",
              "isHook": false,
              "skipped": false
            },
            {
              "title": "Verifica se o botão está posicionado entre a paleta de cores e o quadro de pixels",
              "fullTitle": "9 - Crie um botão que, ao ser clicado, limpa o quadro preenchendo a cor de todos seus pixels com branco. Verifica se o botão está posicionado entre a paleta de cores e o quadro de pixels",
              "timedOut": null,
              "duration": 243,
              "state": "passed",
              "speed": "slow",
              "pass": true,
              "fail": false,
              "pending": false,
              "context": null,
              "code": "cy.get('#color-palette').then(function (palette) {\n  cy.get('#clear-board').should('be.belowOf', palette);\n});\ncy.get('#clear-board').then(function (clearBtn) {\n  cy.get('#pixel-board').should('be.belowOf', clearBtn);\n});",
              "err": {},
              "uuid": "dae4cb2b-10cf-4f49-824c-3dc55c974910",
              "parentUUID": "70659119-ff29-4a3d-97b7-6e04885d199d",
              "isHook": false,
              "skipped": false
            },
            {
              "title": "Verifica se o texto do botão é 'Limpar'",
              "fullTitle": "9 - Crie um botão que, ao ser clicado, limpa o quadro preenchendo a cor de todos seus pixels com branco. Verifica se o texto do botão é 'Limpar'",
              "timedOut": null,
              "duration": 297,
              "state": "passed",
              "speed": "slow",
              "pass": true,
              "fail": false,
              "pending": false,
              "context": null,
              "code": "cy.get('#clear-board').should('contain.text', 'Limpar');",
              "err": {},
              "uuid": "bbff0744-5d97-4ab1-8e52-8b55c3ea2981",
              "parentUUID": "70659119-ff29-4a3d-97b7-6e04885d199d",
              "isHook": false,
              "skipped": false
            },
            {
              "title": "Verifica se ao clicar no botão, o quadro de pixels é totalmente preenchido de branco",
              "fullTitle": "9 - Crie um botão que, ao ser clicado, limpa o quadro preenchendo a cor de todos seus pixels com branco. Verifica se ao clicar no botão, o quadro de pixels é totalmente preenchido de branco",
              "timedOut": null,
              "duration": 2997,
              "state": "passed",
              "speed": "slow",
              "pass": true,
              "fail": false,
              "pending": false,
              "context": null,
              "code": "cy.get('.color').eq(1).then(function (color) {\n  var backgroundColor = color.css('background-color');\n  cy.wrap(color).click();\n  cy.get('.pixel').each(function (pixel) {\n    cy.wrap(pixel).click().should('have.css', 'background-color', backgroundColor);\n  });\n});\ncy.get('#clear-board').click();\ncy.get('.pixel').each(function (pixel) {\n  cy.wrap(pixel).should('have.css', 'background-color', WHITE);\n});",
              "err": {},
              "uuid": "c28bcd8b-417b-4a25-bde2-fe9d0ae250b4",
              "parentUUID": "70659119-ff29-4a3d-97b7-6e04885d199d",
              "isHook": false,
              "skipped": false
            }
          ],
          "suites": [],
          "passes": [
            "3d13ae30-2d0f-491e-b7c2-3afd5a797c3f",
            "dae4cb2b-10cf-4f49-824c-3dc55c974910",
            "bbff0744-5d97-4ab1-8e52-8b55c3ea2981",
            "c28bcd8b-417b-4a25-bde2-fe9d0ae250b4"
          ],
          "failures": [],
          "pending": [],
          "skipped": [],
          "duration": 3749,
          "root": false,
          "rootEmpty": false,
          "_timeout": 2000
        },
        {
          "uuid": "8d2def53-3249-40b6-a60b-ae27ef0fa099",
          "title": "10 - Faça o quadro de pixels ter seu tamanho definido pelo usuário.",
          "fullFile": "",
          "file": "",
          "beforeHooks": [],
          "afterHooks": [],
          "tests": [
            {
              "title": "Verifica se existe um input com o id `board-size`",
              "fullTitle": "10 - Faça o quadro de pixels ter seu tamanho definido pelo usuário. Verifica se existe um input com o id `board-size`",
              "timedOut": null,
              "duration": 4733,
              "state": "failed",
              "speed": null,
              "pass": false,
              "fail": true,
              "pending": false,
              "context": null,
              "code": "cy.get('#board-size').should('be.visible');",
              "err": {
                "message": "CypressError: Timed out retrying: Expected to find element: '#board-size', but never found it.",
                "estack": "CypressError: Timed out retrying: Expected to find element: '#board-size', but never found it.\n    at cypressErr (http://localhost:42045/__cypress/runner/cypress_runner.js:149934:9)\n    at throwErr (http://localhost:42045/__cypress/runner/cypress_runner.js:149867:11)\n    at Object.throwErrByPath (http://localhost:42045/__cypress/runner/cypress_runner.js:149915:3)\n    at retry (http://localhost:42045/__cypress/runner/cypress_runner.js:144197:19)\n    at onFailFn (http://localhost:42045/__cypress/runner/cypress_runner.js:132448:16)\n    at tryCatcher (http://localhost:42045/__cypress/runner/cypress_runner.js:167415:23)\n    at Promise._settlePromiseFromHandler (http://localhost:42045/__cypress/runner/cypress_runner.js:165351:31)\n    at Promise._settlePromise (http://localhost:42045/__cypress/runner/cypress_runner.js:165408:18)\n    at Promise._settlePromise0 (http://localhost:42045/__cypress/runner/cypress_runner.js:165453:10)\n    at Promise._settlePromises (http://localhost:42045/__cypress/runner/cypress_runner.js:165528:18)\n    at Async../node_modules/bluebird/js/release/async.js.Async._drainQueue (http://localhost:42045/__cypress/runner/cypress_runner.js:162140:16)\n    at Async../node_modules/bluebird/js/release/async.js.Async._drainQueues (http://localhost:42045/__cypress/runner/cypress_runner.js:162150:10)\n    at Async.drainQueues (http://localhost:42045/__cypress/runner/cypress_runner.js:162024:14)",
                "diff": null
              },
              "uuid": "d9a28361-2229-45bd-9393-39033e23ca22",
              "parentUUID": "8d2def53-3249-40b6-a60b-ae27ef0fa099",
              "isHook": false,
              "skipped": false
            },
            {
              "title": "Verifica se existe um botão com o id `generate-board`",
              "fullTitle": "10 - Faça o quadro de pixels ter seu tamanho definido pelo usuário. Verifica se existe um botão com o id `generate-board`",
              "timedOut": null,
              "duration": 4781,
              "state": "failed",
              "speed": null,
              "pass": false,
              "fail": true,
              "pending": false,
              "context": null,
              "code": "cy.get('#generate-board').should('be.visible');",
              "err": {
                "message": "CypressError: Timed out retrying: Expected to find element: '#generate-board', but never found it.",
                "estack": "CypressError: Timed out retrying: Expected to find element: '#generate-board', but never found it.\n    at cypressErr (http://localhost:42045/__cypress/runner/cypress_runner.js:149934:9)\n    at throwErr (http://localhost:42045/__cypress/runner/cypress_runner.js:149867:11)\n    at Object.throwErrByPath (http://localhost:42045/__cypress/runner/cypress_runner.js:149915:3)\n    at retry (http://localhost:42045/__cypress/runner/cypress_runner.js:144197:19)\n    at onFailFn (http://localhost:42045/__cypress/runner/cypress_runner.js:132448:16)\n    at tryCatcher (http://localhost:42045/__cypress/runner/cypress_runner.js:167415:23)\n    at Promise._settlePromiseFromHandler (http://localhost:42045/__cypress/runner/cypress_runner.js:165351:31)\n    at Promise._settlePromise (http://localhost:42045/__cypress/runner/cypress_runner.js:165408:18)\n    at Promise._settlePromise0 (http://localhost:42045/__cypress/runner/cypress_runner.js:165453:10)\n    at Promise._settlePromises (http://localhost:42045/__cypress/runner/cypress_runner.js:165528:18)\n    at Async../node_modules/bluebird/js/release/async.js.Async._drainQueue (http://localhost:42045/__cypress/runner/cypress_runner.js:162140:16)\n    at Async../node_modules/bluebird/js/release/async.js.Async._drainQueues (http://localhost:42045/__cypress/runner/cypress_runner.js:162150:10)\n    at Async.drainQueues (http://localhost:42045/__cypress/runner/cypress_runner.js:162024:14)",
                "diff": null
              },
              "uuid": "4d9334b0-4477-47e0-bc05-f4a33b1d07ac",
              "parentUUID": "8d2def53-3249-40b6-a60b-ae27ef0fa099",
              "isHook": false,
              "skipped": false
            },
            {
              "title": "Verifica se o input só aceita número maiores que zero. Essa restrição deve ser feita usando os atributos do elemento `input`",
              "fullTitle": "10 - Faça o quadro de pixels ter seu tamanho definido pelo usuário. Verifica se o input só aceita número maiores que zero. Essa restrição deve ser feita usando os atributos do elemento `input`",
              "timedOut": null,
              "duration": 4611,
              "state": "failed",
              "speed": null,
              "pass": false,
              "fail": true,
              "pending": false,
              "context": null,
              "code": "cy.get('#board-size[type=\\'number\\'][min=\\'1\\']');",
              "err": {
                "message": "CypressError: Timed out retrying: Expected to find element: '#board-size[type='number'][min='1']', but never found it.",
                "estack": "CypressError: Timed out retrying: Expected to find element: '#board-size[type='number'][min='1']', but never found it.\n    at cypressErr (http://localhost:42045/__cypress/runner/cypress_runner.js:149934:9)\n    at throwErr (http://localhost:42045/__cypress/runner/cypress_runner.js:149867:11)\n    at Object.throwErrByPath (http://localhost:42045/__cypress/runner/cypress_runner.js:149915:3)\n    at retry (http://localhost:42045/__cypress/runner/cypress_runner.js:144197:19)\n    at onFailFn (http://localhost:42045/__cypress/runner/cypress_runner.js:132448:16)\n    at tryCatcher (http://localhost:42045/__cypress/runner/cypress_runner.js:167415:23)\n    at Promise._settlePromiseFromHandler (http://localhost:42045/__cypress/runner/cypress_runner.js:165351:31)\n    at Promise._settlePromise (http://localhost:42045/__cypress/runner/cypress_runner.js:165408:18)\n    at Promise._settlePromise0 (http://localhost:42045/__cypress/runner/cypress_runner.js:165453:10)\n    at Promise._settlePromises (http://localhost:42045/__cypress/runner/cypress_runner.js:165528:18)\n    at Async../node_modules/bluebird/js/release/async.js.Async._drainQueue (http://localhost:42045/__cypress/runner/cypress_runner.js:162140:16)\n    at Async../node_modules/bluebird/js/release/async.js.Async._drainQueues (http://localhost:42045/__cypress/runner/cypress_runner.js:162150:10)\n    at Async.drainQueues (http://localhost:42045/__cypress/runner/cypress_runner.js:162024:14)",
                "diff": null
              },
              "uuid": "b3df037d-c6bb-435c-87c7-d75279145191",
              "parentUUID": "8d2def53-3249-40b6-a60b-ae27ef0fa099",
              "isHook": false,
              "skipped": false
            },
            {
              "title": "Verifica se o botão contém o texto 'VQV'",
              "fullTitle": "10 - Faça o quadro de pixels ter seu tamanho definido pelo usuário. Verifica se o botão contém o texto 'VQV'",
              "timedOut": null,
              "duration": 4617,
              "state": "failed",
              "speed": null,
              "pass": false,
              "fail": true,
              "pending": false,
              "context": null,
              "code": "cy.get('#generate-board').contains(/vqv/i);",
              "err": {
                "message": "CypressError: Timed out retrying: Expected to find element: '#generate-board', but never found it.",
                "estack": "CypressError: Timed out retrying: Expected to find element: '#generate-board', but never found it.\n    at cypressErr (http://localhost:42045/__cypress/runner/cypress_runner.js:149934:9)\n    at throwErr (http://localhost:42045/__cypress/runner/cypress_runner.js:149867:11)\n    at Object.throwErrByPath (http://localhost:42045/__cypress/runner/cypress_runner.js:149915:3)\n    at retry (http://localhost:42045/__cypress/runner/cypress_runner.js:144197:19)\n    at onFailFn (http://localhost:42045/__cypress/runner/cypress_runner.js:132448:16)\n    at tryCatcher (http://localhost:42045/__cypress/runner/cypress_runner.js:167415:23)\n    at Promise._settlePromiseFromHandler (http://localhost:42045/__cypress/runner/cypress_runner.js:165351:31)\n    at Promise._settlePromise (http://localhost:42045/__cypress/runner/cypress_runner.js:165408:18)\n    at Promise._settlePromise0 (http://localhost:42045/__cypress/runner/cypress_runner.js:165453:10)\n    at Promise._settlePromises (http://localhost:42045/__cypress/runner/cypress_runner.js:165528:18)\n    at Async../node_modules/bluebird/js/release/async.js.Async._drainQueue (http://localhost:42045/__cypress/runner/cypress_runner.js:162140:16)\n    at Async../node_modules/bluebird/js/release/async.js.Async._drainQueues (http://localhost:42045/__cypress/runner/cypress_runner.js:162150:10)\n    at Async.drainQueues (http://localhost:42045/__cypress/runner/cypress_runner.js:162024:14)",
                "diff": null
              },
              "uuid": "fe21b49d-ec44-4834-be96-ab975a394325",
              "parentUUID": "8d2def53-3249-40b6-a60b-ae27ef0fa099",
              "isHook": false,
              "skipped": false
            },
            {
              "title": "Verifica se o input está posicionado entre a paleta de cores e o quadro de pixels",
              "fullTitle": "10 - Faça o quadro de pixels ter seu tamanho definido pelo usuário. Verifica se o input está posicionado entre a paleta de cores e o quadro de pixels",
              "timedOut": null,
              "duration": 4542,
              "state": "failed",
              "speed": null,
              "pass": false,
              "fail": true,
              "pending": false,
              "context": null,
              "code": "cy.get('#color-palette').then(function (palette) {\n  cy.get('#board-size').should('be.belowOf', palette);\n});\ncy.get('#board-size').then(function (palette) {\n  cy.get('#pixel-board').should('be.belowOf', palette);\n});",
              "err": {
                "message": "CypressError: Timed out retrying: Expected to find element: '#board-size', but never found it.",
                "estack": "CypressError: Timed out retrying: Expected to find element: '#board-size', but never found it.\n    at cypressErr (http://localhost:42045/__cypress/runner/cypress_runner.js:149934:9)\n    at throwErr (http://localhost:42045/__cypress/runner/cypress_runner.js:149867:11)\n    at Object.throwErrByPath (http://localhost:42045/__cypress/runner/cypress_runner.js:149915:3)\n    at retry (http://localhost:42045/__cypress/runner/cypress_runner.js:144197:19)\n    at onFailFn (http://localhost:42045/__cypress/runner/cypress_runner.js:132448:16)\n    at tryCatcher (http://localhost:42045/__cypress/runner/cypress_runner.js:167415:23)\n    at Promise._settlePromiseFromHandler (http://localhost:42045/__cypress/runner/cypress_runner.js:165351:31)\n    at Promise._settlePromise (http://localhost:42045/__cypress/runner/cypress_runner.js:165408:18)\n    at Promise._settlePromise0 (http://localhost:42045/__cypress/runner/cypress_runner.js:165453:10)\n    at Promise._settlePromises (http://localhost:42045/__cypress/runner/cypress_runner.js:165528:18)\n    at Async../node_modules/bluebird/js/release/async.js.Async._drainQueue (http://localhost:42045/__cypress/runner/cypress_runner.js:162140:16)\n    at Async../node_modules/bluebird/js/release/async.js.Async._drainQueues (http://localhost:42045/__cypress/runner/cypress_runner.js:162150:10)\n    at Async.drainQueues (http://localhost:42045/__cypress/runner/cypress_runner.js:162024:14)",
                "diff": null
              },
              "uuid": "b9e95d50-680e-4060-9c19-dafdfddb307e",
              "parentUUID": "8d2def53-3249-40b6-a60b-ae27ef0fa099",
              "isHook": false,
              "skipped": false
            },
            {
              "title": "Verifica se o botão está posicionado ao lado do input",
              "fullTitle": "10 - Faça o quadro de pixels ter seu tamanho definido pelo usuário. Verifica se o botão está posicionado ao lado do input",
              "timedOut": null,
              "duration": 4489,
              "state": "failed",
              "speed": null,
              "pass": false,
              "fail": true,
              "pending": false,
              "context": null,
              "code": "cy.get('#board-size').then(function (board) {\n  cy.get('#generate-board').should('be.onTheRightOf', board);\n});",
              "err": {
                "message": "CypressError: Timed out retrying: Expected to find element: '#board-size', but never found it.",
                "estack": "CypressError: Timed out retrying: Expected to find element: '#board-size', but never found it.\n    at cypressErr (http://localhost:42045/__cypress/runner/cypress_runner.js:149934:9)\n    at throwErr (http://localhost:42045/__cypress/runner/cypress_runner.js:149867:11)\n    at Object.throwErrByPath (http://localhost:42045/__cypress/runner/cypress_runner.js:149915:3)\n    at retry (http://localhost:42045/__cypress/runner/cypress_runner.js:144197:19)\n    at onFailFn (http://localhost:42045/__cypress/runner/cypress_runner.js:132448:16)\n    at tryCatcher (http://localhost:42045/__cypress/runner/cypress_runner.js:167415:23)\n    at Promise._settlePromiseFromHandler (http://localhost:42045/__cypress/runner/cypress_runner.js:165351:31)\n    at Promise._settlePromise (http://localhost:42045/__cypress/runner/cypress_runner.js:165408:18)\n    at Promise._settlePromise0 (http://localhost:42045/__cypress/runner/cypress_runner.js:165453:10)\n    at Promise._settlePromises (http://localhost:42045/__cypress/runner/cypress_runner.js:165528:18)\n    at Async../node_modules/bluebird/js/release/async.js.Async._drainQueue (http://localhost:42045/__cypress/runner/cypress_runner.js:162140:16)\n    at Async../node_modules/bluebird/js/release/async.js.Async._drainQueues (http://localhost:42045/__cypress/runner/cypress_runner.js:162150:10)\n    at Async.drainQueues (http://localhost:42045/__cypress/runner/cypress_runner.js:162024:14)",
                "diff": null
              },
              "uuid": "231199ed-6f31-48aa-b88f-8625b22f1c24",
              "parentUUID": "8d2def53-3249-40b6-a60b-ae27ef0fa099",
              "isHook": false,
              "skipped": false
            },
            {
              "title": "Verifica se nenhum valor for colocado no input ao clicar no botão, um `alert` é exibido com o texto: 'Board inválido!'",
              "fullTitle": "10 - Faça o quadro de pixels ter seu tamanho definido pelo usuário. Verifica se nenhum valor for colocado no input ao clicar no botão, um `alert` é exibido com o texto: 'Board inválido!'",
              "timedOut": null,
              "duration": 4762,
              "state": "failed",
              "speed": null,
              "pass": false,
              "fail": true,
              "pending": false,
              "context": null,
              "code": "var alerted = false;\ncy.on('window:alert', function (msg) {\n  return alerted = msg;\n});\ncy.get('#generate-board').click().then(function () {\n  return expect(alerted).to.match(/Board inválido!/i);\n});",
              "err": {
                "message": "CypressError: Timed out retrying: Expected to find element: '#generate-board', but never found it.",
                "estack": "CypressError: Timed out retrying: Expected to find element: '#generate-board', but never found it.\n    at cypressErr (http://localhost:42045/__cypress/runner/cypress_runner.js:149934:9)\n    at throwErr (http://localhost:42045/__cypress/runner/cypress_runner.js:149867:11)\n    at Object.throwErrByPath (http://localhost:42045/__cypress/runner/cypress_runner.js:149915:3)\n    at retry (http://localhost:42045/__cypress/runner/cypress_runner.js:144197:19)\n    at onFailFn (http://localhost:42045/__cypress/runner/cypress_runner.js:132448:16)\n    at tryCatcher (http://localhost:42045/__cypress/runner/cypress_runner.js:167415:23)\n    at Promise._settlePromiseFromHandler (http://localhost:42045/__cypress/runner/cypress_runner.js:165351:31)\n    at Promise._settlePromise (http://localhost:42045/__cypress/runner/cypress_runner.js:165408:18)\n    at Promise._settlePromise0 (http://localhost:42045/__cypress/runner/cypress_runner.js:165453:10)\n    at Promise._settlePromises (http://localhost:42045/__cypress/runner/cypress_runner.js:165528:18)\n    at Async../node_modules/bluebird/js/release/async.js.Async._drainQueue (http://localhost:42045/__cypress/runner/cypress_runner.js:162140:16)\n    at Async../node_modules/bluebird/js/release/async.js.Async._drainQueues (http://localhost:42045/__cypress/runner/cypress_runner.js:162150:10)\n    at Async.drainQueues (http://localhost:42045/__cypress/runner/cypress_runner.js:162024:14)",
                "diff": null
              },
              "uuid": "ce6dfa9b-baff-4567-aa9f-45e3ec0a622d",
              "parentUUID": "8d2def53-3249-40b6-a60b-ae27ef0fa099",
              "isHook": false,
              "skipped": false
            },
            {
              "title": "Verifica se ao clicar no botão com um valor preenchido, o tamanho do board muda.",
              "fullTitle": "10 - Faça o quadro de pixels ter seu tamanho definido pelo usuário. Verifica se ao clicar no botão com um valor preenchido, o tamanho do board muda.",
              "timedOut": null,
              "duration": 4573,
              "state": "failed",
              "speed": null,
              "pass": false,
              "fail": true,
              "pending": false,
              "context": null,
              "code": "cy.get('#board-size').clear().type(10);\ncy.get('#generate-board').click();\ncy.get('.pixel').should('have.length', 100);",
              "err": {
                "message": "CypressError: Timed out retrying: Expected to find element: '#board-size', but never found it.",
                "estack": "CypressError: Timed out retrying: Expected to find element: '#board-size', but never found it.\n    at cypressErr (http://localhost:42045/__cypress/runner/cypress_runner.js:149934:9)\n    at throwErr (http://localhost:42045/__cypress/runner/cypress_runner.js:149867:11)\n    at Object.throwErrByPath (http://localhost:42045/__cypress/runner/cypress_runner.js:149915:3)\n    at retry (http://localhost:42045/__cypress/runner/cypress_runner.js:144197:19)\n    at onFailFn (http://localhost:42045/__cypress/runner/cypress_runner.js:132448:16)\n    at tryCatcher (http://localhost:42045/__cypress/runner/cypress_runner.js:167415:23)\n    at Promise._settlePromiseFromHandler (http://localhost:42045/__cypress/runner/cypress_runner.js:165351:31)\n    at Promise._settlePromise (http://localhost:42045/__cypress/runner/cypress_runner.js:165408:18)\n    at Promise._settlePromise0 (http://localhost:42045/__cypress/runner/cypress_runner.js:165453:10)\n    at Promise._settlePromises (http://localhost:42045/__cypress/runner/cypress_runner.js:165528:18)\n    at Async../node_modules/bluebird/js/release/async.js.Async._drainQueue (http://localhost:42045/__cypress/runner/cypress_runner.js:162140:16)\n    at Async../node_modules/bluebird/js/release/async.js.Async._drainQueues (http://localhost:42045/__cypress/runner/cypress_runner.js:162150:10)\n    at Async.drainQueues (http://localhost:42045/__cypress/runner/cypress_runner.js:162024:14)",
                "diff": null
              },
              "uuid": "ce5d7200-8301-423e-ae13-32cc64f6baa5",
              "parentUUID": "8d2def53-3249-40b6-a60b-ae27ef0fa099",
              "isHook": false,
              "skipped": false
            },
            {
              "title": "Verifica se o novo quadro tem todos os pixels preenchidos com a cor branca",
              "fullTitle": "10 - Faça o quadro de pixels ter seu tamanho definido pelo usuário. Verifica se o novo quadro tem todos os pixels preenchidos com a cor branca",
              "timedOut": null,
              "duration": 4946,
              "state": "failed",
              "speed": null,
              "pass": false,
              "fail": true,
              "pending": false,
              "context": null,
              "code": "cy.get('#board-size').clear().type(6);\ncy.get('#generate-board').click();\ncy.get('.pixel').should('have.length', 36).each(function (pixel) {\n  expect(pixel).to.have.css('background-color', WHITE);\n});",
              "err": {
                "message": "CypressError: Timed out retrying: Expected to find element: '#board-size', but never found it.",
                "estack": "CypressError: Timed out retrying: Expected to find element: '#board-size', but never found it.\n    at cypressErr (http://localhost:42045/__cypress/runner/cypress_runner.js:149934:9)\n    at throwErr (http://localhost:42045/__cypress/runner/cypress_runner.js:149867:11)\n    at Object.throwErrByPath (http://localhost:42045/__cypress/runner/cypress_runner.js:149915:3)\n    at retry (http://localhost:42045/__cypress/runner/cypress_runner.js:144197:19)\n    at onFailFn (http://localhost:42045/__cypress/runner/cypress_runner.js:132448:16)\n    at tryCatcher (http://localhost:42045/__cypress/runner/cypress_runner.js:167415:23)\n    at Promise._settlePromiseFromHandler (http://localhost:42045/__cypress/runner/cypress_runner.js:165351:31)\n    at Promise._settlePromise (http://localhost:42045/__cypress/runner/cypress_runner.js:165408:18)\n    at Promise._settlePromise0 (http://localhost:42045/__cypress/runner/cypress_runner.js:165453:10)\n    at Promise._settlePromises (http://localhost:42045/__cypress/runner/cypress_runner.js:165528:18)\n    at Async../node_modules/bluebird/js/release/async.js.Async._drainQueue (http://localhost:42045/__cypress/runner/cypress_runner.js:162140:16)\n    at Async../node_modules/bluebird/js/release/async.js.Async._drainQueues (http://localhost:42045/__cypress/runner/cypress_runner.js:162150:10)\n    at Async.drainQueues (http://localhost:42045/__cypress/runner/cypress_runner.js:162024:14)",
                "diff": null
              },
              "uuid": "79938421-8dd7-412d-bc3d-63d25ce51979",
              "parentUUID": "8d2def53-3249-40b6-a60b-ae27ef0fa099",
              "isHook": false,
              "skipped": false
            }
          ],
          "suites": [],
          "passes": [],
          "failures": [
            "d9a28361-2229-45bd-9393-39033e23ca22",
            "4d9334b0-4477-47e0-bc05-f4a33b1d07ac",
            "b3df037d-c6bb-435c-87c7-d75279145191",
            "fe21b49d-ec44-4834-be96-ab975a394325",
            "b9e95d50-680e-4060-9c19-dafdfddb307e",
            "231199ed-6f31-48aa-b88f-8625b22f1c24",
            "ce6dfa9b-baff-4567-aa9f-45e3ec0a622d",
            "ce5d7200-8301-423e-ae13-32cc64f6baa5",
            "79938421-8dd7-412d-bc3d-63d25ce51979"
          ],
          "pending": [],
          "skipped": [],
          "duration": 42054,
          "root": false,
          "rootEmpty": false,
          "_timeout": 2000
        },
        {
          "uuid": "343399f0-5959-493c-811a-cba392855dd7",
          "title": "11 - Limite o tamanho mínimo e máximo do board.",
          "fullFile": "",
          "file": "",
          "beforeHooks": [],
          "afterHooks": [],
          "tests": [
            {
              "title": "Verifica se a altura máxima do board é 50",
              "fullTitle": "11 - Limite o tamanho mínimo e máximo do board. Verifica se a altura máxima do board é 50",
              "timedOut": null,
              "duration": 4604,
              "state": "failed",
              "speed": null,
              "pass": false,
              "fail": true,
              "pending": false,
              "context": null,
              "code": "cy.get('#board-size').clear().type(50);\ncy.get('#generate-board').click();\ncy.get('.pixel').should('have.length', 2500);",
              "err": {
                "message": "CypressError: Timed out retrying: Expected to find element: '#board-size', but never found it.",
                "estack": "CypressError: Timed out retrying: Expected to find element: '#board-size', but never found it.\n    at cypressErr (http://localhost:42045/__cypress/runner/cypress_runner.js:149934:9)\n    at throwErr (http://localhost:42045/__cypress/runner/cypress_runner.js:149867:11)\n    at Object.throwErrByPath (http://localhost:42045/__cypress/runner/cypress_runner.js:149915:3)\n    at retry (http://localhost:42045/__cypress/runner/cypress_runner.js:144197:19)\n    at onFailFn (http://localhost:42045/__cypress/runner/cypress_runner.js:132448:16)\n    at tryCatcher (http://localhost:42045/__cypress/runner/cypress_runner.js:167415:23)\n    at Promise._settlePromiseFromHandler (http://localhost:42045/__cypress/runner/cypress_runner.js:165351:31)\n    at Promise._settlePromise (http://localhost:42045/__cypress/runner/cypress_runner.js:165408:18)\n    at Promise._settlePromise0 (http://localhost:42045/__cypress/runner/cypress_runner.js:165453:10)\n    at Promise._settlePromises (http://localhost:42045/__cypress/runner/cypress_runner.js:165528:18)\n    at Async../node_modules/bluebird/js/release/async.js.Async._drainQueue (http://localhost:42045/__cypress/runner/cypress_runner.js:162140:16)\n    at Async../node_modules/bluebird/js/release/async.js.Async._drainQueues (http://localhost:42045/__cypress/runner/cypress_runner.js:162150:10)\n    at Async.drainQueues (http://localhost:42045/__cypress/runner/cypress_runner.js:162024:14)",
                "diff": null
              },
              "uuid": "3d4a7e1a-54a2-4e89-9881-e66da783779b",
              "parentUUID": "343399f0-5959-493c-811a-cba392855dd7",
              "isHook": false,
              "skipped": false
            },
            {
              "title": "Verifica se a altura do board é 5 quando um valor menor é colocado no input",
              "fullTitle": "11 - Limite o tamanho mínimo e máximo do board. Verifica se a altura do board é 5 quando um valor menor é colocado no input",
              "timedOut": null,
              "duration": 4472,
              "state": "failed",
              "speed": null,
              "pass": false,
              "fail": true,
              "pending": false,
              "context": null,
              "code": "cy.get('#board-size').clear().type(4);\ncy.get('#generate-board').click();\ncy.get('.pixel').should('have.length', 25);",
              "err": {
                "message": "CypressError: Timed out retrying: Expected to find element: '#board-size', but never found it.",
                "estack": "CypressError: Timed out retrying: Expected to find element: '#board-size', but never found it.\n    at cypressErr (http://localhost:42045/__cypress/runner/cypress_runner.js:149934:9)\n    at throwErr (http://localhost:42045/__cypress/runner/cypress_runner.js:149867:11)\n    at Object.throwErrByPath (http://localhost:42045/__cypress/runner/cypress_runner.js:149915:3)\n    at retry (http://localhost:42045/__cypress/runner/cypress_runner.js:144197:19)\n    at onFailFn (http://localhost:42045/__cypress/runner/cypress_runner.js:132448:16)\n    at tryCatcher (http://localhost:42045/__cypress/runner/cypress_runner.js:167415:23)\n    at Promise._settlePromiseFromHandler (http://localhost:42045/__cypress/runner/cypress_runner.js:165351:31)\n    at Promise._settlePromise (http://localhost:42045/__cypress/runner/cypress_runner.js:165408:18)\n    at Promise._settlePromise0 (http://localhost:42045/__cypress/runner/cypress_runner.js:165453:10)\n    at Promise._settlePromises (http://localhost:42045/__cypress/runner/cypress_runner.js:165528:18)\n    at Async../node_modules/bluebird/js/release/async.js.Async._drainQueue (http://localhost:42045/__cypress/runner/cypress_runner.js:162140:16)\n    at Async../node_modules/bluebird/js/release/async.js.Async._drainQueues (http://localhost:42045/__cypress/runner/cypress_runner.js:162150:10)\n    at Async.drainQueues (http://localhost:42045/__cypress/runner/cypress_runner.js:162024:14)",
                "diff": null
              },
              "uuid": "442d1f55-373b-4300-96c1-b8ddb888985c",
              "parentUUID": "343399f0-5959-493c-811a-cba392855dd7",
              "isHook": false,
              "skipped": false
            },
            {
              "title": "Verifica se a altura do board é 50 quando um valor maior é colocado no input",
              "fullTitle": "11 - Limite o tamanho mínimo e máximo do board. Verifica se a altura do board é 50 quando um valor maior é colocado no input",
              "timedOut": null,
              "duration": 4431,
              "state": "failed",
              "speed": null,
              "pass": false,
              "fail": true,
              "pending": false,
              "context": null,
              "code": "cy.get('#board-size').clear().type(51);\ncy.get('#generate-board').click();\ncy.get('.pixel').should('have.length', 2500);",
              "err": {
                "message": "CypressError: Timed out retrying: Expected to find element: '#board-size', but never found it.",
                "estack": "CypressError: Timed out retrying: Expected to find element: '#board-size', but never found it.\n    at cypressErr (http://localhost:42045/__cypress/runner/cypress_runner.js:149934:9)\n    at throwErr (http://localhost:42045/__cypress/runner/cypress_runner.js:149867:11)\n    at Object.throwErrByPath (http://localhost:42045/__cypress/runner/cypress_runner.js:149915:3)\n    at retry (http://localhost:42045/__cypress/runner/cypress_runner.js:144197:19)\n    at onFailFn (http://localhost:42045/__cypress/runner/cypress_runner.js:132448:16)\n    at tryCatcher (http://localhost:42045/__cypress/runner/cypress_runner.js:167415:23)\n    at Promise._settlePromiseFromHandler (http://localhost:42045/__cypress/runner/cypress_runner.js:165351:31)\n    at Promise._settlePromise (http://localhost:42045/__cypress/runner/cypress_runner.js:165408:18)\n    at Promise._settlePromise0 (http://localhost:42045/__cypress/runner/cypress_runner.js:165453:10)\n    at Promise._settlePromises (http://localhost:42045/__cypress/runner/cypress_runner.js:165528:18)\n    at Async../node_modules/bluebird/js/release/async.js.Async._drainQueue (http://localhost:42045/__cypress/runner/cypress_runner.js:162140:16)\n    at Async../node_modules/bluebird/js/release/async.js.Async._drainQueues (http://localhost:42045/__cypress/runner/cypress_runner.js:162150:10)\n    at Async.drainQueues (http://localhost:42045/__cypress/runner/cypress_runner.js:162024:14)",
                "diff": null
              },
              "uuid": "3138a57b-d3ba-4cff-aa7d-bfaa2c21ecde",
              "parentUUID": "343399f0-5959-493c-811a-cba392855dd7",
              "isHook": false,
              "skipped": false
            }
          ],
          "suites": [],
          "passes": [],
          "failures": [
            "3d4a7e1a-54a2-4e89-9881-e66da783779b",
            "442d1f55-373b-4300-96c1-b8ddb888985c",
            "3138a57b-d3ba-4cff-aa7d-bfaa2c21ecde"
          ],
          "pending": [],
          "skipped": [],
          "duration": 13507,
          "root": false,
          "rootEmpty": false,
          "_timeout": 2000
        },
        {
          "uuid": "0464f0f3-5bf0-4239-8b27-7dcb00541037",
          "title": "12 - Faça com que as cores da paleta sejam geradas aleatoriamente ao carregar a página.",
          "fullFile": "",
          "file": "",
          "beforeHooks": [],
          "afterHooks": [],
          "tests": [
            {
              "title": "Verifica se as cores geradas na paleta são diferentes a cada carregamento da página",
              "fullTitle": "12 - Faça com que as cores da paleta sejam geradas aleatoriamente ao carregar a página. Verifica se as cores geradas na paleta são diferentes a cada carregamento da página",
              "timedOut": null,
              "duration": 480,
              "state": "failed",
              "speed": null,
              "pass": false,
              "fail": true,
              "pending": false,
              "context": null,
              "code": "cy.get('.color').then(function (colors) {\n  var currentColors;\n  var previousColors;\n  previousColors = Array.from(colors).map(function (color) {\n    return Cypress.$(color).css('background-color');\n  });\n  for (var i = 0; i < 5; i += 1) {\n    cy.reload();\n    cy.get('.color').then(function (colors) {\n      currentColors = Array.from(colors).map(function (color) {\n        return Cypress.$(color).css('background-color');\n      });\n      expect(currentColors).not.to.deep.equal(previousColors);\n      previousColors = currentColors;\n    });\n  }\n});",
              "err": {
                "message": "AssertionError: expected [ Array(4) ] to not deeply equal [ Array(4) ]",
                "estack": "AssertionError: expected [ Array(4) ] to not deeply equal [ Array(4) ]\n    at getRet (http://localhost:42045/__cypress/runner/cypress_runner.js:136585:16)\n    at tryCatcher (http://localhost:42045/__cypress/runner/cypress_runner.js:167415:23)\n    at Function.Promise.attempt.Promise.try (http://localhost:42045/__cypress/runner/cypress_runner.js:164690:29)\n    at Context.thenFn (http://localhost:42045/__cypress/runner/cypress_runner.js:136599:23)\n    at Context.then (http://localhost:42045/__cypress/runner/cypress_runner.js:136971:21)\n    at Context.<anonymous> (http://localhost:42045/__cypress/runner/cypress_runner.js:148875:21)\n    at http://localhost:42045/__cypress/runner/cypress_runner.js:148351:33\n    at tryCatcher (http://localhost:42045/__cypress/runner/cypress_runner.js:167415:23)\n    at Promise._settlePromiseFromHandler (http://localhost:42045/__cypress/runner/cypress_runner.js:165351:31)\n    at Promise._settlePromise (http://localhost:42045/__cypress/runner/cypress_runner.js:165408:18)\n    at Promise._settlePromiseCtx (http://localhost:42045/__cypress/runner/cypress_runner.js:165445:10)\n    at Async../node_modules/bluebird/js/release/async.js.Async._drainQueue (http://localhost:42045/__cypress/runner/cypress_runner.js:162145:12)\n    at Async../node_modules/bluebird/js/release/async.js.Async._drainQueues (http://localhost:42045/__cypress/runner/cypress_runner.js:162150:10)\n    at Async.drainQueues (http://localhost:42045/__cypress/runner/cypress_runner.js:162024:14)",
                "diff": ""
              },
              "uuid": "953be49f-46db-4bd9-bfc0-a101650f4cb6",
              "parentUUID": "0464f0f3-5bf0-4239-8b27-7dcb00541037",
              "isHook": false,
              "skipped": false
            },
            {
              "title": "Verifica se a cor preta ainda está presente e é a primeira na sua paleta de cores",
              "fullTitle": "12 - Faça com que as cores da paleta sejam geradas aleatoriamente ao carregar a página. Verifica se a cor preta ainda está presente e é a primeira na sua paleta de cores",
              "timedOut": null,
              "duration": 490,
              "state": "failed",
              "speed": null,
              "pass": false,
              "fail": true,
              "pending": false,
              "context": null,
              "code": "cy.get('.color').then(function (colors) {\n  var currentColors;\n  var previousColors;\n  previousColors = Array.from(colors).map(function (color) {\n    return Cypress.$(color).css('background-color');\n  });\n  expect(previousColors[0]).to.eq(BLACK);\n  for (var i = 0; i < 5; i += 1) {\n    cy.reload();\n    cy.get('.color').then(function (colors) {\n      currentColors = Array.from(colors).map(function (color) {\n        return Cypress.$(color).css('background-color');\n      });\n      expect(currentColors[0]).to.eq(BLACK);\n      expect(currentColors).not.to.deep.equal(previousColors);\n      previousColors = currentColors;\n    });\n  }\n});",
              "err": {
                "message": "AssertionError: expected [ Array(4) ] to not deeply equal [ Array(4) ]",
                "estack": "AssertionError: expected [ Array(4) ] to not deeply equal [ Array(4) ]\n    at getRet (http://localhost:42045/__cypress/runner/cypress_runner.js:136585:16)\n    at tryCatcher (http://localhost:42045/__cypress/runner/cypress_runner.js:167415:23)\n    at Function.Promise.attempt.Promise.try (http://localhost:42045/__cypress/runner/cypress_runner.js:164690:29)\n    at Context.thenFn (http://localhost:42045/__cypress/runner/cypress_runner.js:136599:23)\n    at Context.then (http://localhost:42045/__cypress/runner/cypress_runner.js:136971:21)\n    at Context.<anonymous> (http://localhost:42045/__cypress/runner/cypress_runner.js:148875:21)\n    at http://localhost:42045/__cypress/runner/cypress_runner.js:148351:33\n    at tryCatcher (http://localhost:42045/__cypress/runner/cypress_runner.js:167415:23)\n    at Promise._settlePromiseFromHandler (http://localhost:42045/__cypress/runner/cypress_runner.js:165351:31)\n    at Promise._settlePromise (http://localhost:42045/__cypress/runner/cypress_runner.js:165408:18)\n    at Promise._settlePromiseCtx (http://localhost:42045/__cypress/runner/cypress_runner.js:165445:10)\n    at Async../node_modules/bluebird/js/release/async.js.Async._drainQueue (http://localhost:42045/__cypress/runner/cypress_runner.js:162145:12)\n    at Async../node_modules/bluebird/js/release/async.js.Async._drainQueues (http://localhost:42045/__cypress/runner/cypress_runner.js:162150:10)\n    at Async.drainQueues (http://localhost:42045/__cypress/runner/cypress_runner.js:162024:14)",
                "diff": ""
              },
              "uuid": "f7364764-ae66-4e01-94db-2926c952662a",
              "parentUUID": "0464f0f3-5bf0-4239-8b27-7dcb00541037",
              "isHook": false,
              "skipped": false
            }
          ],
          "suites": [],
          "passes": [],
          "failures": [
            "953be49f-46db-4bd9-bfc0-a101650f4cb6",
            "f7364764-ae66-4e01-94db-2926c952662a"
          ],
          "pending": [],
          "skipped": [],
          "duration": 970,
          "root": false,
          "rootEmpty": false,
          "_timeout": 2000
        }
      ],
      "passes": [],
      "failures": [],
      "pending": [],
      "skipped": [],
      "duration": 0,
      "root": true,
      "rootEmpty": true,
      "_timeout": 2000
    }
  ],
  "meta": {
    "mocha": {
      "version": "7.0.1"
    },
    "mochawesome": {
      "options": {
        "quiet": false,
        "reportFilename": "mochawesome",
        "saveHtml": false,
        "saveJson": true,
        "consoleReporter": "spec",
        "useInlineDiffs": false
      },
      "version": "4.1.0"
    },
    "marge": {
      "options": {
        "id": "default",
        "reportDir": "cypress/reports",
        "overwrite": true,
        "html": false,
        "json": true
      },
      "version": "4.1.0"
    }
  }
}