{
  "stats": {
    "suites": 12,
    "tests": 41,
    "passes": 21,
    "pending": 0,
    "failures": 20,
    "start": "2021-11-23T01:59:13.480Z",
    "end": "2021-11-23T02:00:58.005Z",
    "duration": 104525,
    "testsRegistered": 41,
    "passPercent": 51.21951219512195,
    "pendingPercent": 0,
    "other": 0,
    "hasOther": false,
    "skipped": 0,
    "hasSkipped": false
  },
  "results": [
    {
      "uuid": "2192b6be-e6a8-4f26-bebe-cfc962f40715",
      "title": "",
      "fullFile": "cypress/integration/project.spec.js",
      "file": "cypress/integration/project.spec.js",
      "beforeHooks": [],
      "afterHooks": [],
      "tests": [],
      "suites": [
        {
          "uuid": "1878edd8-c318-47f0-b66f-285385726c0f",
          "title": "1 - Adicione à página o título \"Paleta de Cores\".",
          "fullFile": "",
          "file": "",
          "beforeHooks": [],
          "afterHooks": [],
          "tests": [
            {
              "title": "Verifica se contém um elemento `h1` com o id `title` com o título correto",
              "fullTitle": "1 - Adicione à página o título \"Paleta de Cores\". Verifica se contém um elemento `h1` com o id `title` com o título correto",
              "timedOut": null,
              "duration": 140,
              "state": "passed",
              "speed": "slow",
              "pass": true,
              "fail": false,
              "pending": false,
              "context": null,
              "code": "cy.get('h1#title').should('contain.text', 'Paleta de Cores');",
              "err": {},
              "uuid": "72b44ec8-d4ee-448e-9843-1e2a29430cdb",
              "parentUUID": "1878edd8-c318-47f0-b66f-285385726c0f",
              "isHook": false,
              "skipped": false
            }
          ],
          "suites": [],
          "passes": [
            "72b44ec8-d4ee-448e-9843-1e2a29430cdb"
          ],
          "failures": [],
          "pending": [],
          "skipped": [],
          "duration": 140,
          "root": false,
          "rootEmpty": false,
          "_timeout": 2000
        },
        {
          "uuid": "2aab2930-ea68-4607-a45e-980499e88ea1",
          "title": "2 - Adicione à página uma paleta de quatro cores distintas.",
          "fullFile": "",
          "file": "",
          "beforeHooks": [],
          "afterHooks": [],
          "tests": [
            {
              "title": "A paleta de cores deve ser um elemento com `id` denominado `color-palette`",
              "fullTitle": "2 - Adicione à página uma paleta de quatro cores distintas. A paleta de cores deve ser um elemento com `id` denominado `color-palette`",
              "timedOut": null,
              "duration": 70,
              "state": "passed",
              "speed": "medium",
              "pass": true,
              "fail": false,
              "pending": false,
              "context": null,
              "code": "cy.get('#color-palette').should('be.visible');\ncy.get('#color-palette').children('.color');",
              "err": {},
              "uuid": "1c43266a-ece4-4465-a4dd-9ec4b751ab5a",
              "parentUUID": "2aab2930-ea68-4607-a45e-980499e88ea1",
              "isHook": false,
              "skipped": false
            },
            {
              "title": "Verifica se cada cor individual da paleta de cores possui a `classe` chamada `color`.",
              "fullTitle": "2 - Adicione à página uma paleta de quatro cores distintas. Verifica se cada cor individual da paleta de cores possui a `classe` chamada `color`.",
              "timedOut": null,
              "duration": 123,
              "state": "passed",
              "speed": "slow",
              "pass": true,
              "fail": false,
              "pending": false,
              "context": null,
              "code": "cy.get('.color').should('have.length', 4).then(function (colors) {\n  for (var i = 0; i < colors.length; i++) {\n    cy.wrap(colors[i]).should('be.visible');\n  }\n});",
              "err": {},
              "uuid": "7ea200f8-140c-43a4-bbf5-8bcb70d2820e",
              "parentUUID": "2aab2930-ea68-4607-a45e-980499e88ea1",
              "isHook": false,
              "skipped": false
            },
            {
              "title": "Verifica se a cor de fundo de cada elemento da paleta é a cor que o elemento representa. **A única cor não permitida na paleta é a cor branca.**",
              "fullTitle": "2 - Adicione à página uma paleta de quatro cores distintas. Verifica se a cor de fundo de cada elemento da paleta é a cor que o elemento representa. **A única cor não permitida na paleta é a cor branca.**",
              "timedOut": null,
              "duration": 95,
              "state": "passed",
              "speed": "slow",
              "pass": true,
              "fail": false,
              "pending": false,
              "context": null,
              "code": "cy.get('.color').each(function (color) {\n  cy.wrap(color).should('have.class', 'color').and('not.have.css', 'background-color', WHITE);\n  cy.wrap(color).should('have.css', 'background-color');\n});",
              "err": {},
              "uuid": "b9674776-6472-4f0c-8a92-c72d35b8b683",
              "parentUUID": "2aab2930-ea68-4607-a45e-980499e88ea1",
              "isHook": false,
              "skipped": false
            },
            {
              "title": "Verifica se cada elemento da paleta de cores tem uma borda preta, sólida e com 1 pixel de largura;",
              "fullTitle": "2 - Adicione à página uma paleta de quatro cores distintas. Verifica se cada elemento da paleta de cores tem uma borda preta, sólida e com 1 pixel de largura;",
              "timedOut": null,
              "duration": 119,
              "state": "passed",
              "speed": "slow",
              "pass": true,
              "fail": false,
              "pending": false,
              "context": null,
              "code": "cy.get('.color').each(function (color) {\n  cy.wrap(color).and('have.css', 'border', \"1px solid \".concat(BLACK)).and('have.class', 'color');\n});",
              "err": {},
              "uuid": "2f493c50-1dc1-4b2e-98cc-423ec3a41036",
              "parentUUID": "2aab2930-ea68-4607-a45e-980499e88ea1",
              "isHook": false,
              "skipped": false
            },
            {
              "title": "Verifica se a paleta lista todas as cores disponíveis para utilização, lado a lado.",
              "fullTitle": "2 - Adicione à página uma paleta de quatro cores distintas. Verifica se a paleta lista todas as cores disponíveis para utilização, lado a lado.",
              "timedOut": null,
              "duration": 4228,
              "state": "failed",
              "speed": null,
              "pass": false,
              "fail": true,
              "pending": false,
              "context": null,
              "code": "cy.get('.color').then(function (colors) {\n  for (var index = 1; index < colors.length; index += 1) {\n    var currentColor = colors[index];\n    var previousColor = colors[index - 1];\n    cy.wrap(currentColor).should('be.onTheRightOf', previousColor).and('be.horizontallyAlignedWith', previousColor);\n  }\n});",
              "err": {
                "message": "CypressError: Timed out retrying: expected '<div#color2.color>' to be horizontally aligned with <div class=\"color selected\" id=\"color1\" style=\"background-color: rgb(0, 0, 0);\"> </div>",
                "estack": "CypressError: Timed out retrying: expected '<div#color2.color>' to be horizontally aligned with <div class=\"color selected\" id=\"color1\" style=\"background-color: rgb(0, 0, 0);\"> </div>\n    at cypressErr (http://localhost:37643/__cypress/runner/cypress_runner.js:149934:9)\n    at throwErr (http://localhost:37643/__cypress/runner/cypress_runner.js:149867:11)\n    at Object.throwErrByPath (http://localhost:37643/__cypress/runner/cypress_runner.js:149915:3)\n    at retry (http://localhost:37643/__cypress/runner/cypress_runner.js:144197:19)\n    at onFailFn (http://localhost:37643/__cypress/runner/cypress_runner.js:132448:16)\n    at tryCatcher (http://localhost:37643/__cypress/runner/cypress_runner.js:167415:23)\n    at Promise._settlePromiseFromHandler (http://localhost:37643/__cypress/runner/cypress_runner.js:165351:31)\n    at Promise._settlePromise (http://localhost:37643/__cypress/runner/cypress_runner.js:165408:18)\n    at Promise._settlePromise0 (http://localhost:37643/__cypress/runner/cypress_runner.js:165453:10)\n    at Promise._settlePromises (http://localhost:37643/__cypress/runner/cypress_runner.js:165528:18)\n    at Async../node_modules/bluebird/js/release/async.js.Async._drainQueue (http://localhost:37643/__cypress/runner/cypress_runner.js:162140:16)\n    at Async../node_modules/bluebird/js/release/async.js.Async._drainQueues (http://localhost:37643/__cypress/runner/cypress_runner.js:162150:10)\n    at Async.drainQueues (http://localhost:37643/__cypress/runner/cypress_runner.js:162024:14)",
                "diff": null
              },
              "uuid": "e7245933-6a99-4314-b9b1-abfa31f3c2a2",
              "parentUUID": "2aab2930-ea68-4607-a45e-980499e88ea1",
              "isHook": false,
              "skipped": false
            },
            {
              "title": "Verifica se a paleta de cores está posicionada abaixo do título 'Paleta de Cores'",
              "fullTitle": "2 - Adicione à página uma paleta de quatro cores distintas. Verifica se a paleta de cores está posicionada abaixo do título 'Paleta de Cores'",
              "timedOut": null,
              "duration": 122,
              "state": "passed",
              "speed": "slow",
              "pass": true,
              "fail": false,
              "pending": false,
              "context": null,
              "code": "cy.get('h1#title').then(function (title) {\n  cy.get('#color-palette').should('be.belowOf', title);\n});",
              "err": {},
              "uuid": "56c1a2eb-188c-416a-b425-8c5a33a57bc0",
              "parentUUID": "2aab2930-ea68-4607-a45e-980499e88ea1",
              "isHook": false,
              "skipped": false
            },
            {
              "title": "Verifica se a paleta de cores não contém cores repetidas.",
              "fullTitle": "2 - Adicione à página uma paleta de quatro cores distintas. Verifica se a paleta de cores não contém cores repetidas.",
              "timedOut": null,
              "duration": 63,
              "state": "passed",
              "speed": "medium",
              "pass": true,
              "fail": false,
              "pending": false,
              "context": null,
              "code": "cy.get('.color').then(function (colors) {\n  var allColors = Array.from(colors).map(function (color) {\n    return Cypress.$(color).css('background-color');\n  });\n  cy.log(allColors);\n  var uniqColors = (0, _toConsumableArray2[\"default\"])(new Set(allColors));\n  cy.log(uniqColors);\n  expect(allColors.length).to.eq(uniqColors.length);\n});",
              "err": {},
              "uuid": "42728e0e-fa09-42ef-9060-e8739daa3b5f",
              "parentUUID": "2aab2930-ea68-4607-a45e-980499e88ea1",
              "isHook": false,
              "skipped": false
            }
          ],
          "suites": [],
          "passes": [
            "1c43266a-ece4-4465-a4dd-9ec4b751ab5a",
            "7ea200f8-140c-43a4-bbf5-8bcb70d2820e",
            "b9674776-6472-4f0c-8a92-c72d35b8b683",
            "2f493c50-1dc1-4b2e-98cc-423ec3a41036",
            "56c1a2eb-188c-416a-b425-8c5a33a57bc0",
            "42728e0e-fa09-42ef-9060-e8739daa3b5f"
          ],
          "failures": [
            "e7245933-6a99-4314-b9b1-abfa31f3c2a2"
          ],
          "pending": [],
          "skipped": [],
          "duration": 4820,
          "root": false,
          "rootEmpty": false,
          "_timeout": 2000
        },
        {
          "uuid": "ed9ad487-d3b0-445e-aaa7-b563ec6ca20c",
          "title": "3 - Adicione a cor **preta** como a primeira cor da paleta de cores.",
          "fullFile": "",
          "file": "",
          "beforeHooks": [],
          "afterHooks": [],
          "tests": [
            {
              "title": "Verifica se a primeira cor da paleta é preta",
              "fullTitle": "3 - Adicione a cor **preta** como a primeira cor da paleta de cores. Verifica se a primeira cor da paleta é preta",
              "timedOut": null,
              "duration": 67,
              "state": "passed",
              "speed": "medium",
              "pass": true,
              "fail": false,
              "pending": false,
              "context": null,
              "code": "cy.get('.color').first().should('have.css', 'background-color', BLACK);",
              "err": {},
              "uuid": "2ceb897a-bd87-4d03-97c2-fa8271cfe9f1",
              "parentUUID": "ed9ad487-d3b0-445e-aaa7-b563ec6ca20c",
              "isHook": false,
              "skipped": false
            },
            {
              "title": "Verifica se as demais cores podem ser escolhidas livremente.",
              "fullTitle": "3 - Adicione a cor **preta** como a primeira cor da paleta de cores. Verifica se as demais cores podem ser escolhidas livremente.",
              "timedOut": null,
              "duration": 119,
              "state": "passed",
              "speed": "slow",
              "pass": true,
              "fail": false,
              "pending": false,
              "context": null,
              "code": "cy.get('.color').eq(1).should('not.have.css', 'background-color', BLACK);\ncy.get('.color').eq(1).should('not.have.css', 'background-color', WHITE);\ncy.get('.color').eq(1).should('not.have.css', 'background-color', 'rgba(0, 0, 0, 0)');\ncy.get('.color').eq(1).should('have.css', 'background-color');\ncy.get('.color').eq(2).should('not.have.css', 'background-color', BLACK);\ncy.get('.color').eq(2).should('not.have.css', 'background-color', WHITE);\ncy.get('.color').eq(2).should('not.have.css', 'background-color', 'rgba(0, 0, 0, 0)');\ncy.get('.color').eq(2).should('have.css', 'background-color');\ncy.get('.color').eq(3).should('not.have.css', 'background-color', BLACK);\ncy.get('.color').eq(3).should('not.have.css', 'background-color', WHITE);\ncy.get('.color').eq(3).should('not.have.css', 'background-color', 'rgba(0, 0, 0, 0)');\ncy.get('.color').eq(3).should('have.css', 'background-color');",
              "err": {},
              "uuid": "acbbf4ed-ef49-42e7-8f82-a2c07c2eef11",
              "parentUUID": "ed9ad487-d3b0-445e-aaa7-b563ec6ca20c",
              "isHook": false,
              "skipped": false
            }
          ],
          "suites": [],
          "passes": [
            "2ceb897a-bd87-4d03-97c2-fa8271cfe9f1",
            "acbbf4ed-ef49-42e7-8f82-a2c07c2eef11"
          ],
          "failures": [],
          "pending": [],
          "skipped": [],
          "duration": 186,
          "root": false,
          "rootEmpty": false,
          "_timeout": 2000
        },
        {
          "uuid": "fcb2c3ce-e7c8-4b7f-abea-e376549f4ee8",
          "title": "4 - Adicione à página um quadro de pixels, com 25 pixels.",
          "fullFile": "",
          "file": "",
          "beforeHooks": [],
          "afterHooks": [],
          "tests": [
            {
              "title": "Verifica se o quadro de pixels possui o `id` denominado `pixel-board`",
              "fullTitle": "4 - Adicione à página um quadro de pixels, com 25 pixels. Verifica se o quadro de pixels possui o `id` denominado `pixel-board`",
              "timedOut": null,
              "duration": 62,
              "state": "passed",
              "speed": "medium",
              "pass": true,
              "fail": false,
              "pending": false,
              "context": null,
              "code": "cy.get('#pixel-board').should('be.visible');",
              "err": {},
              "uuid": "eb0436af-a13f-46fa-a14d-cec4edf0d938",
              "parentUUID": "fcb2c3ce-e7c8-4b7f-abea-e376549f4ee8",
              "isHook": false,
              "skipped": false
            },
            {
              "title": "Verifica se cada pixel individual dentro do quadro possui a `classe` denominada `pixel`.",
              "fullTitle": "4 - Adicione à página um quadro de pixels, com 25 pixels. Verifica se cada pixel individual dentro do quadro possui a `classe` denominada `pixel`.",
              "timedOut": null,
              "duration": 84,
              "state": "passed",
              "speed": "slow",
              "pass": true,
              "fail": false,
              "pending": false,
              "context": null,
              "code": "cy.get('.pixel').should('have.length', 25);",
              "err": {},
              "uuid": "c019678c-baad-454f-a3b9-af4721ecc329",
              "parentUUID": "fcb2c3ce-e7c8-4b7f-abea-e376549f4ee8",
              "isHook": false,
              "skipped": false
            },
            {
              "title": "Verifica se a cor inicial dos pixels dentro do quadro, ao abrir a página, é branca.",
              "fullTitle": "4 - Adicione à página um quadro de pixels, com 25 pixels. Verifica se a cor inicial dos pixels dentro do quadro, ao abrir a página, é branca.",
              "timedOut": null,
              "duration": 107,
              "state": "passed",
              "speed": "slow",
              "pass": true,
              "fail": false,
              "pending": false,
              "context": null,
              "code": "cy.get('.pixel').should('have.length', 25).each(function (pixel) {\n  expect(pixel).to.have.css('background-color', WHITE);\n});",
              "err": {},
              "uuid": "2fcc9b81-5b05-49df-8def-1d0e1f34e70b",
              "parentUUID": "fcb2c3ce-e7c8-4b7f-abea-e376549f4ee8",
              "isHook": false,
              "skipped": false
            },
            {
              "title": "Verifica se o quadro de pixels aparece abaixo da paleta de cores",
              "fullTitle": "4 - Adicione à página um quadro de pixels, com 25 pixels. Verifica se o quadro de pixels aparece abaixo da paleta de cores",
              "timedOut": null,
              "duration": 68,
              "state": "passed",
              "speed": "medium",
              "pass": true,
              "fail": false,
              "pending": false,
              "context": null,
              "code": "cy.get('#color-palette').then(function (palette) {\n  cy.get('#pixel-board').should('be.belowOf', palette);\n});",
              "err": {},
              "uuid": "55f048fa-5b36-4dfb-8a25-e65220d47a2b",
              "parentUUID": "fcb2c3ce-e7c8-4b7f-abea-e376549f4ee8",
              "isHook": false,
              "skipped": false
            }
          ],
          "suites": [],
          "passes": [
            "eb0436af-a13f-46fa-a14d-cec4edf0d938",
            "c019678c-baad-454f-a3b9-af4721ecc329",
            "2fcc9b81-5b05-49df-8def-1d0e1f34e70b",
            "55f048fa-5b36-4dfb-8a25-e65220d47a2b"
          ],
          "failures": [],
          "pending": [],
          "skipped": [],
          "duration": 321,
          "root": false,
          "rootEmpty": false,
          "_timeout": 2000
        },
        {
          "uuid": "a384b751-c5c8-4641-b005-31302209eb04",
          "title": "5 - Faça com que cada elemento do quadro de pixels possua 40 pixels de largura, 40 pixels de altura e seja delimitado por uma borda preta de 1 pixel.",
          "fullFile": "",
          "file": "",
          "beforeHooks": [],
          "afterHooks": [],
          "tests": [
            {
              "title": "Verifica se o quadro de pixels tem altura e comprimento de 5 elementos",
              "fullTitle": "5 - Faça com que cada elemento do quadro de pixels possua 40 pixels de largura, 40 pixels de altura e seja delimitado por uma borda preta de 1 pixel. Verifica se o quadro de pixels tem altura e comprimento de 5 elementos",
              "timedOut": null,
              "duration": 196,
              "state": "passed",
              "speed": "slow",
              "pass": true,
              "fail": false,
              "pending": false,
              "context": null,
              "code": "cy.get('.pixel').should('have.length', 25).each(function (pixel) {\n  expect(pixel).to.have.css('background-color', WHITE);\n}).and(function (pixels) {\n  var rows = chunk(pixels, 5);\n  rows.forEach(function (row) {\n    for (var index = 1; index < row.length; index += 1) {\n      var current = pixels[index];\n      var previous = pixels[index - 1];\n      cy.wrap(current).should('be.onTheRightOf', previous).and('be.horizontallyAlignedWith', previous);\n    }\n  });\n  for (var index = 1; index < 5; index += 1) {\n    expect(pixels[index * 5]).to.be.belowOf(pixels[(index - 1) * 5]);\n  }\n});",
              "err": {},
              "uuid": "0853a4ad-c664-422f-9c44-5b3f93392e67",
              "parentUUID": "a384b751-c5c8-4641-b005-31302209eb04",
              "isHook": false,
              "skipped": false
            },
            {
              "title": "Verifica se 40 pixels é o tamanho total do elemento, incluindo seu conteúdo e excluindo a borda preta, que deve ser criada à parte.",
              "fullTitle": "5 - Faça com que cada elemento do quadro de pixels possua 40 pixels de largura, 40 pixels de altura e seja delimitado por uma borda preta de 1 pixel. Verifica se 40 pixels é o tamanho total do elemento, incluindo seu conteúdo e excluindo a borda preta, que deve ser criada à parte.",
              "timedOut": null,
              "duration": 4238,
              "state": "failed",
              "speed": null,
              "pass": false,
              "fail": true,
              "pending": false,
              "context": null,
              "code": "cy.get('.pixel').each(function (pixel) {\n  cy.wrap(pixel).should('have.css', 'height', '40px').and('have.css', 'width', '40px').and('have.css', 'border', \"1px solid \".concat(BLACK));\n});",
              "err": {
                "message": "CypressError: Timed out retrying: expected '<div.pixel>' to have CSS property 'height' with the value '40px', but the value was '82px'",
                "estack": "CypressError: Timed out retrying: expected '<div.pixel>' to have CSS property 'height' with the value '40px', but the value was '82px'\n    at cypressErr (http://localhost:37643/__cypress/runner/cypress_runner.js:149934:9)\n    at throwErr (http://localhost:37643/__cypress/runner/cypress_runner.js:149867:11)\n    at Object.throwErrByPath (http://localhost:37643/__cypress/runner/cypress_runner.js:149915:3)\n    at retry (http://localhost:37643/__cypress/runner/cypress_runner.js:144197:19)\n    at onFailFn (http://localhost:37643/__cypress/runner/cypress_runner.js:132448:16)\n    at tryCatcher (http://localhost:37643/__cypress/runner/cypress_runner.js:167415:23)\n    at Promise._settlePromiseFromHandler (http://localhost:37643/__cypress/runner/cypress_runner.js:165351:31)\n    at Promise._settlePromise (http://localhost:37643/__cypress/runner/cypress_runner.js:165408:18)\n    at Promise._settlePromise0 (http://localhost:37643/__cypress/runner/cypress_runner.js:165453:10)\n    at Promise._settlePromises (http://localhost:37643/__cypress/runner/cypress_runner.js:165528:18)\n    at Async../node_modules/bluebird/js/release/async.js.Async._drainQueue (http://localhost:37643/__cypress/runner/cypress_runner.js:162140:16)\n    at Async../node_modules/bluebird/js/release/async.js.Async._drainQueues (http://localhost:37643/__cypress/runner/cypress_runner.js:162150:10)\n    at Async.drainQueues (http://localhost:37643/__cypress/runner/cypress_runner.js:162024:14)",
                "diff": null
              },
              "uuid": "458cef51-365a-49d3-9b95-6d186d961dea",
              "parentUUID": "a384b751-c5c8-4641-b005-31302209eb04",
              "isHook": false,
              "skipped": false
            }
          ],
          "suites": [],
          "passes": [
            "0853a4ad-c664-422f-9c44-5b3f93392e67"
          ],
          "failures": [
            "458cef51-365a-49d3-9b95-6d186d961dea"
          ],
          "pending": [],
          "skipped": [],
          "duration": 4434,
          "root": false,
          "rootEmpty": false,
          "_timeout": 2000
        },
        {
          "uuid": "43b581b5-8dbf-4b56-931b-5d621643a615",
          "title": "6 - Defina a cor preta como cor inicial. Ao carregar a página a cor preta já deve estar selecionada para pintar os pixels",
          "fullFile": "",
          "file": "",
          "beforeHooks": [],
          "afterHooks": [],
          "tests": [
            {
              "title": "Verifica se o elemento da cor preta possui, inicialmente, a `classe` `selected`",
              "fullTitle": "6 - Defina a cor preta como cor inicial. Ao carregar a página a cor preta já deve estar selecionada para pintar os pixels Verifica se o elemento da cor preta possui, inicialmente, a `classe` `selected`",
              "timedOut": null,
              "duration": 183,
              "state": "passed",
              "speed": "slow",
              "pass": true,
              "fail": false,
              "pending": false,
              "context": null,
              "code": "cy.get('.selected').first().should('have.css', 'background-color', BLACK);",
              "err": {},
              "uuid": "bb6ec496-38bb-4c89-8934-e82d16cb9f4c",
              "parentUUID": "43b581b5-8dbf-4b56-931b-5d621643a615",
              "isHook": false,
              "skipped": false
            },
            {
              "title": "Verifica se nenhuma outra cor da paleta tem a `classe` `selected`",
              "fullTitle": "6 - Defina a cor preta como cor inicial. Ao carregar a página a cor preta já deve estar selecionada para pintar os pixels Verifica se nenhuma outra cor da paleta tem a `classe` `selected`",
              "timedOut": null,
              "duration": 107,
              "state": "passed",
              "speed": "slow",
              "pass": true,
              "fail": false,
              "pending": false,
              "context": null,
              "code": "cy.get('.color:not(:first-child)').each(function (color) {\n  cy.wrap(color).should('not.have.class', 'selected');\n});",
              "err": {},
              "uuid": "001ddc87-38d1-44ca-83a4-63e6ef5bebf8",
              "parentUUID": "43b581b5-8dbf-4b56-931b-5d621643a615",
              "isHook": false,
              "skipped": false
            }
          ],
          "suites": [],
          "passes": [
            "bb6ec496-38bb-4c89-8934-e82d16cb9f4c",
            "001ddc87-38d1-44ca-83a4-63e6ef5bebf8"
          ],
          "failures": [],
          "pending": [],
          "skipped": [],
          "duration": 290,
          "root": false,
          "rootEmpty": false,
          "_timeout": 2000
        },
        {
          "uuid": "549d4d0e-b28d-4e34-ac52-9dfb849991a6",
          "title": "7 - Clicar em uma das cores da paleta, faz com que ela seja selecionada e utilizada para preencher os pixels no quadro.",
          "fullFile": "",
          "file": "",
          "beforeHooks": [],
          "afterHooks": [],
          "tests": [
            {
              "title": "Verifica se somente uma cor da paleta de cores tem a classe `selected` de cada vez",
              "fullTitle": "7 - Clicar em uma das cores da paleta, faz com que ela seja selecionada e utilizada para preencher os pixels no quadro. Verifica se somente uma cor da paleta de cores tem a classe `selected` de cada vez",
              "timedOut": null,
              "duration": 489,
              "state": "passed",
              "speed": "slow",
              "pass": true,
              "fail": false,
              "pending": false,
              "context": null,
              "code": "cy.get('.color').each(function (selectedColor, selectedColorIndex) {\n  cy.wrap(selectedColor).click();\n  cy.get('.color').each(function (color, colorIndex) {\n    if (colorIndex === selectedColorIndex) {\n      expect(color).to.have[\"class\"]('selected');\n    } else {\n      expect(color).not.to.have[\"class\"]('selected');\n    }\n  });\n});",
              "err": {},
              "uuid": "445fc143-1d5f-4375-9817-3fe40e7e3291",
              "parentUUID": "549d4d0e-b28d-4e34-ac52-9dfb849991a6",
              "isHook": false,
              "skipped": false
            },
            {
              "title": "Verifica se os pixels dentro do quadro não têm a classe `selected` quando são clicados",
              "fullTitle": "7 - Clicar em uma das cores da paleta, faz com que ela seja selecionada e utilizada para preencher os pixels no quadro. Verifica se os pixels dentro do quadro não têm a classe `selected` quando são clicados",
              "timedOut": null,
              "duration": 8829,
              "state": "passed",
              "speed": "slow",
              "pass": true,
              "fail": false,
              "pending": false,
              "context": null,
              "code": "cy.get('.color').each(function (color) {\n  var backgroundColor = color.css('background-color');\n  cy.wrap(color).click();\n  cy.get('.pixel').each(function (pixel) {\n    cy.wrap(pixel).click().should('not.have.class', 'selected');\n  });\n});",
              "err": {},
              "uuid": "215851bb-8bab-4807-8579-d23088697338",
              "parentUUID": "549d4d0e-b28d-4e34-ac52-9dfb849991a6",
              "isHook": false,
              "skipped": false
            }
          ],
          "suites": [],
          "passes": [
            "445fc143-1d5f-4375-9817-3fe40e7e3291",
            "215851bb-8bab-4807-8579-d23088697338"
          ],
          "failures": [],
          "pending": [],
          "skipped": [],
          "duration": 9318,
          "root": false,
          "rootEmpty": false,
          "_timeout": 2000
        },
        {
          "uuid": "fa3c4f98-7f0a-4361-8f1e-1be1f1d48976",
          "title": "8 - Clicar em um pixel dentro do quadro após selecionar uma cor na paleta, faz com que o pixel seja preenchido com a cor selecionada.",
          "fullFile": "",
          "file": "",
          "beforeHooks": [],
          "afterHooks": [],
          "tests": [
            {
              "title": "Verifica se ao carregar a página deve ser possível pintar os pixels de preto",
              "fullTitle": "8 - Clicar em um pixel dentro do quadro após selecionar uma cor na paleta, faz com que o pixel seja preenchido com a cor selecionada. Verifica se ao carregar a página deve ser possível pintar os pixels de preto",
              "timedOut": null,
              "duration": 2174,
              "state": "passed",
              "speed": "slow",
              "pass": true,
              "fail": false,
              "pending": false,
              "context": null,
              "code": "cy.get('.pixel').each(function (pixel) {\n  cy.wrap(pixel).click().should('have.css', 'background-color', BLACK);\n});",
              "err": {},
              "uuid": "aa121ac2-d466-4016-bb48-e2e845f61863",
              "parentUUID": "fa3c4f98-7f0a-4361-8f1e-1be1f1d48976",
              "isHook": false,
              "skipped": false
            },
            {
              "title": "Verifica se após selecionar uma outra cor na paleta, é possível pintar os pixels com essa cor",
              "fullTitle": "8 - Clicar em um pixel dentro do quadro após selecionar uma cor na paleta, faz com que o pixel seja preenchido com a cor selecionada. Verifica se após selecionar uma outra cor na paleta, é possível pintar os pixels com essa cor",
              "timedOut": null,
              "duration": 8534,
              "state": "passed",
              "speed": "slow",
              "pass": true,
              "fail": false,
              "pending": false,
              "context": null,
              "code": "cy.get('.color').each(function (color) {\n  var backgroundColor = color.css('background-color');\n  cy.wrap(color).click();\n  cy.get('.pixel').each(function (pixel) {\n    cy.wrap(pixel).click().should('have.css', 'background-color', backgroundColor);\n  });\n});",
              "err": {},
              "uuid": "4098039b-67f6-4fca-9540-05475d6d46f9",
              "parentUUID": "fa3c4f98-7f0a-4361-8f1e-1be1f1d48976",
              "isHook": false,
              "skipped": false
            },
            {
              "title": "Verifica se somente o pixel que foi clicado foi preenchido com a cor selecionada, sem influenciar na cor dos demais pixels.",
              "fullTitle": "8 - Clicar em um pixel dentro do quadro após selecionar uma cor na paleta, faz com que o pixel seja preenchido com a cor selecionada. Verifica se somente o pixel que foi clicado foi preenchido com a cor selecionada, sem influenciar na cor dos demais pixels.",
              "timedOut": null,
              "duration": 1377,
              "state": "passed",
              "speed": "slow",
              "pass": true,
              "fail": false,
              "pending": false,
              "context": null,
              "code": "var colorToPixelIndexMap = {\n  0: 6,\n  1: 8,\n  2: 16,\n  3: 18\n};\ncy.get('.color').each(function (color, index) {\n  cy.wrap(color).click();\n  var backgroundColor = color.css('background-color');\n  var clickedPixelIndex = colorToPixelIndexMap[index];\n  cy.get('.pixel').eq(clickedPixelIndex).click();\n  cy.get('.pixel').eq(clickedPixelIndex - 1).should('not.have.css', 'background-color', backgroundColor);\n  cy.get('.pixel').eq(clickedPixelIndex + 1).should('not.have.css', 'background-color', backgroundColor);\n  cy.get('.pixel').eq(clickedPixelIndex - 5).should('not.have.css', 'background-color', backgroundColor);\n  cy.get('.pixel').eq(clickedPixelIndex + 5).should('not.have.css', 'background-color', backgroundColor);\n  cy.get('.pixel').eq(clickedPixelIndex - 6).should('not.have.css', 'background-color', backgroundColor);\n  cy.get('.pixel').eq(clickedPixelIndex - 4).should('not.have.css', 'background-color', backgroundColor);\n  cy.get('.pixel').eq(clickedPixelIndex + 4).should('not.have.css', 'background-color', backgroundColor);\n  cy.get('.pixel').eq(clickedPixelIndex + 6).should('not.have.css', 'background-color', backgroundColor);\n});",
              "err": {},
              "uuid": "10f96dd8-4004-413e-b03a-96b19ddc16d1",
              "parentUUID": "fa3c4f98-7f0a-4361-8f1e-1be1f1d48976",
              "isHook": false,
              "skipped": false
            }
          ],
          "suites": [],
          "passes": [
            "aa121ac2-d466-4016-bb48-e2e845f61863",
            "4098039b-67f6-4fca-9540-05475d6d46f9",
            "10f96dd8-4004-413e-b03a-96b19ddc16d1"
          ],
          "failures": [],
          "pending": [],
          "skipped": [],
          "duration": 12085,
          "root": false,
          "rootEmpty": false,
          "_timeout": 2000
        },
        {
          "uuid": "c63cc8b0-2138-4852-814a-990e1ed0d14c",
          "title": "9 - Crie um botão que, ao ser clicado, limpa o quadro preenchendo a cor de todos seus pixels com branco.",
          "fullFile": "",
          "file": "",
          "beforeHooks": [],
          "afterHooks": [],
          "tests": [
            {
              "title": "Verifica se o botão tem o `id` denominado `clear-board`",
              "fullTitle": "9 - Crie um botão que, ao ser clicado, limpa o quadro preenchendo a cor de todos seus pixels com branco. Verifica se o botão tem o `id` denominado `clear-board`",
              "timedOut": null,
              "duration": 4286,
              "state": "failed",
              "speed": null,
              "pass": false,
              "fail": true,
              "pending": false,
              "context": null,
              "code": "cy.get('#clear-board').should('be.visible');",
              "err": {
                "message": "CypressError: Timed out retrying: Expected to find element: '#clear-board', but never found it.",
                "estack": "CypressError: Timed out retrying: Expected to find element: '#clear-board', but never found it.\n    at cypressErr (http://localhost:37643/__cypress/runner/cypress_runner.js:149934:9)\n    at throwErr (http://localhost:37643/__cypress/runner/cypress_runner.js:149867:11)\n    at Object.throwErrByPath (http://localhost:37643/__cypress/runner/cypress_runner.js:149915:3)\n    at retry (http://localhost:37643/__cypress/runner/cypress_runner.js:144197:19)\n    at onFailFn (http://localhost:37643/__cypress/runner/cypress_runner.js:132448:16)\n    at tryCatcher (http://localhost:37643/__cypress/runner/cypress_runner.js:167415:23)\n    at Promise._settlePromiseFromHandler (http://localhost:37643/__cypress/runner/cypress_runner.js:165351:31)\n    at Promise._settlePromise (http://localhost:37643/__cypress/runner/cypress_runner.js:165408:18)\n    at Promise._settlePromise0 (http://localhost:37643/__cypress/runner/cypress_runner.js:165453:10)\n    at Promise._settlePromises (http://localhost:37643/__cypress/runner/cypress_runner.js:165528:18)\n    at Async../node_modules/bluebird/js/release/async.js.Async._drainQueue (http://localhost:37643/__cypress/runner/cypress_runner.js:162140:16)\n    at Async../node_modules/bluebird/js/release/async.js.Async._drainQueues (http://localhost:37643/__cypress/runner/cypress_runner.js:162150:10)\n    at Async.drainQueues (http://localhost:37643/__cypress/runner/cypress_runner.js:162024:14)",
                "diff": null
              },
              "uuid": "d6d9bf6b-9263-4e8a-a525-17081dcb93b0",
              "parentUUID": "c63cc8b0-2138-4852-814a-990e1ed0d14c",
              "isHook": false,
              "skipped": false
            },
            {
              "title": "Verifica se o botão está posicionado entre a paleta de cores e o quadro de pixels",
              "fullTitle": "9 - Crie um botão que, ao ser clicado, limpa o quadro preenchendo a cor de todos seus pixels com branco. Verifica se o botão está posicionado entre a paleta de cores e o quadro de pixels",
              "timedOut": null,
              "duration": 4323,
              "state": "failed",
              "speed": null,
              "pass": false,
              "fail": true,
              "pending": false,
              "context": null,
              "code": "cy.get('#color-palette').then(function (palette) {\n  cy.get('#clear-board').should('be.belowOf', palette);\n});\ncy.get('#clear-board').then(function (clearBtn) {\n  cy.get('#pixel-board').should('be.belowOf', clearBtn);\n});",
              "err": {
                "message": "CypressError: Timed out retrying: Expected to find element: '#clear-board', but never found it.",
                "estack": "CypressError: Timed out retrying: Expected to find element: '#clear-board', but never found it.\n    at cypressErr (http://localhost:37643/__cypress/runner/cypress_runner.js:149934:9)\n    at throwErr (http://localhost:37643/__cypress/runner/cypress_runner.js:149867:11)\n    at Object.throwErrByPath (http://localhost:37643/__cypress/runner/cypress_runner.js:149915:3)\n    at retry (http://localhost:37643/__cypress/runner/cypress_runner.js:144197:19)\n    at onFailFn (http://localhost:37643/__cypress/runner/cypress_runner.js:132448:16)\n    at tryCatcher (http://localhost:37643/__cypress/runner/cypress_runner.js:167415:23)\n    at Promise._settlePromiseFromHandler (http://localhost:37643/__cypress/runner/cypress_runner.js:165351:31)\n    at Promise._settlePromise (http://localhost:37643/__cypress/runner/cypress_runner.js:165408:18)\n    at Promise._settlePromise0 (http://localhost:37643/__cypress/runner/cypress_runner.js:165453:10)\n    at Promise._settlePromises (http://localhost:37643/__cypress/runner/cypress_runner.js:165528:18)\n    at Async../node_modules/bluebird/js/release/async.js.Async._drainQueue (http://localhost:37643/__cypress/runner/cypress_runner.js:162140:16)\n    at Async../node_modules/bluebird/js/release/async.js.Async._drainQueues (http://localhost:37643/__cypress/runner/cypress_runner.js:162150:10)\n    at Async.drainQueues (http://localhost:37643/__cypress/runner/cypress_runner.js:162024:14)",
                "diff": null
              },
              "uuid": "0ba170f4-5650-4dc2-89b3-3e44d1a96736",
              "parentUUID": "c63cc8b0-2138-4852-814a-990e1ed0d14c",
              "isHook": false,
              "skipped": false
            },
            {
              "title": "Verifica se o texto do botão é 'Limpar'",
              "fullTitle": "9 - Crie um botão que, ao ser clicado, limpa o quadro preenchendo a cor de todos seus pixels com branco. Verifica se o texto do botão é 'Limpar'",
              "timedOut": null,
              "duration": 4260,
              "state": "failed",
              "speed": null,
              "pass": false,
              "fail": true,
              "pending": false,
              "context": null,
              "code": "cy.get('#clear-board').should('contain.text', 'Limpar');",
              "err": {
                "message": "CypressError: Timed out retrying: Expected to find element: '#clear-board', but never found it.",
                "estack": "CypressError: Timed out retrying: Expected to find element: '#clear-board', but never found it.\n    at cypressErr (http://localhost:37643/__cypress/runner/cypress_runner.js:149934:9)\n    at throwErr (http://localhost:37643/__cypress/runner/cypress_runner.js:149867:11)\n    at Object.throwErrByPath (http://localhost:37643/__cypress/runner/cypress_runner.js:149915:3)\n    at retry (http://localhost:37643/__cypress/runner/cypress_runner.js:144197:19)\n    at onFailFn (http://localhost:37643/__cypress/runner/cypress_runner.js:132448:16)\n    at tryCatcher (http://localhost:37643/__cypress/runner/cypress_runner.js:167415:23)\n    at Promise._settlePromiseFromHandler (http://localhost:37643/__cypress/runner/cypress_runner.js:165351:31)\n    at Promise._settlePromise (http://localhost:37643/__cypress/runner/cypress_runner.js:165408:18)\n    at Promise._settlePromise0 (http://localhost:37643/__cypress/runner/cypress_runner.js:165453:10)\n    at Promise._settlePromises (http://localhost:37643/__cypress/runner/cypress_runner.js:165528:18)\n    at Async../node_modules/bluebird/js/release/async.js.Async._drainQueue (http://localhost:37643/__cypress/runner/cypress_runner.js:162140:16)\n    at Async../node_modules/bluebird/js/release/async.js.Async._drainQueues (http://localhost:37643/__cypress/runner/cypress_runner.js:162150:10)\n    at Async.drainQueues (http://localhost:37643/__cypress/runner/cypress_runner.js:162024:14)",
                "diff": null
              },
              "uuid": "3a2222dd-076e-4059-82aa-d1e8cd271d66",
              "parentUUID": "c63cc8b0-2138-4852-814a-990e1ed0d14c",
              "isHook": false,
              "skipped": false
            },
            {
              "title": "Verifica se ao clicar no botão, o quadro de pixels é totalmente preenchido de branco",
              "fullTitle": "9 - Crie um botão que, ao ser clicado, limpa o quadro preenchendo a cor de todos seus pixels com branco. Verifica se ao clicar no botão, o quadro de pixels é totalmente preenchido de branco",
              "timedOut": null,
              "duration": 6466,
              "state": "failed",
              "speed": null,
              "pass": false,
              "fail": true,
              "pending": false,
              "context": null,
              "code": "cy.get('.color').eq(1).then(function (color) {\n  var backgroundColor = color.css('background-color');\n  cy.wrap(color).click();\n  cy.get('.pixel').each(function (pixel) {\n    cy.wrap(pixel).click().should('have.css', 'background-color', backgroundColor);\n  });\n});\ncy.get('#clear-board').click();\ncy.get('.pixel').each(function (pixel) {\n  cy.wrap(pixel).should('have.css', 'background-color', WHITE);\n});",
              "err": {
                "message": "CypressError: Timed out retrying: Expected to find element: '#clear-board', but never found it.",
                "estack": "CypressError: Timed out retrying: Expected to find element: '#clear-board', but never found it.\n    at cypressErr (http://localhost:37643/__cypress/runner/cypress_runner.js:149934:9)\n    at throwErr (http://localhost:37643/__cypress/runner/cypress_runner.js:149867:11)\n    at Object.throwErrByPath (http://localhost:37643/__cypress/runner/cypress_runner.js:149915:3)\n    at retry (http://localhost:37643/__cypress/runner/cypress_runner.js:144197:19)\n    at onFailFn (http://localhost:37643/__cypress/runner/cypress_runner.js:132448:16)\n    at tryCatcher (http://localhost:37643/__cypress/runner/cypress_runner.js:167415:23)\n    at Promise._settlePromiseFromHandler (http://localhost:37643/__cypress/runner/cypress_runner.js:165351:31)\n    at Promise._settlePromise (http://localhost:37643/__cypress/runner/cypress_runner.js:165408:18)\n    at Promise._settlePromise0 (http://localhost:37643/__cypress/runner/cypress_runner.js:165453:10)\n    at Promise._settlePromises (http://localhost:37643/__cypress/runner/cypress_runner.js:165528:18)\n    at Async../node_modules/bluebird/js/release/async.js.Async._drainQueue (http://localhost:37643/__cypress/runner/cypress_runner.js:162140:16)\n    at Async../node_modules/bluebird/js/release/async.js.Async._drainQueues (http://localhost:37643/__cypress/runner/cypress_runner.js:162150:10)\n    at Async.drainQueues (http://localhost:37643/__cypress/runner/cypress_runner.js:162024:14)",
                "diff": null
              },
              "uuid": "8b4c3a5b-38c3-4598-9a1c-0dbb84bbec4e",
              "parentUUID": "c63cc8b0-2138-4852-814a-990e1ed0d14c",
              "isHook": false,
              "skipped": false
            }
          ],
          "suites": [],
          "passes": [],
          "failures": [
            "d6d9bf6b-9263-4e8a-a525-17081dcb93b0",
            "0ba170f4-5650-4dc2-89b3-3e44d1a96736",
            "3a2222dd-076e-4059-82aa-d1e8cd271d66",
            "8b4c3a5b-38c3-4598-9a1c-0dbb84bbec4e"
          ],
          "pending": [],
          "skipped": [],
          "duration": 19335,
          "root": false,
          "rootEmpty": false,
          "_timeout": 2000
        },
        {
          "uuid": "3d8b02fa-4045-4a35-961d-31a797b8641e",
          "title": "10 - Faça o quadro de pixels ter seu tamanho definido pelo usuário.",
          "fullFile": "",
          "file": "",
          "beforeHooks": [],
          "afterHooks": [],
          "tests": [
            {
              "title": "Verifica se existe um input com o id `board-size`",
              "fullTitle": "10 - Faça o quadro de pixels ter seu tamanho definido pelo usuário. Verifica se existe um input com o id `board-size`",
              "timedOut": null,
              "duration": 4301,
              "state": "failed",
              "speed": null,
              "pass": false,
              "fail": true,
              "pending": false,
              "context": null,
              "code": "cy.get('#board-size').should('be.visible');",
              "err": {
                "message": "CypressError: Timed out retrying: Expected to find element: '#board-size', but never found it.",
                "estack": "CypressError: Timed out retrying: Expected to find element: '#board-size', but never found it.\n    at cypressErr (http://localhost:37643/__cypress/runner/cypress_runner.js:149934:9)\n    at throwErr (http://localhost:37643/__cypress/runner/cypress_runner.js:149867:11)\n    at Object.throwErrByPath (http://localhost:37643/__cypress/runner/cypress_runner.js:149915:3)\n    at retry (http://localhost:37643/__cypress/runner/cypress_runner.js:144197:19)\n    at onFailFn (http://localhost:37643/__cypress/runner/cypress_runner.js:132448:16)\n    at tryCatcher (http://localhost:37643/__cypress/runner/cypress_runner.js:167415:23)\n    at Promise._settlePromiseFromHandler (http://localhost:37643/__cypress/runner/cypress_runner.js:165351:31)\n    at Promise._settlePromise (http://localhost:37643/__cypress/runner/cypress_runner.js:165408:18)\n    at Promise._settlePromise0 (http://localhost:37643/__cypress/runner/cypress_runner.js:165453:10)\n    at Promise._settlePromises (http://localhost:37643/__cypress/runner/cypress_runner.js:165528:18)\n    at Async../node_modules/bluebird/js/release/async.js.Async._drainQueue (http://localhost:37643/__cypress/runner/cypress_runner.js:162140:16)\n    at Async../node_modules/bluebird/js/release/async.js.Async._drainQueues (http://localhost:37643/__cypress/runner/cypress_runner.js:162150:10)\n    at Async.drainQueues (http://localhost:37643/__cypress/runner/cypress_runner.js:162024:14)",
                "diff": null
              },
              "uuid": "69f85249-8181-4311-856e-f2a2c09a0fad",
              "parentUUID": "3d8b02fa-4045-4a35-961d-31a797b8641e",
              "isHook": false,
              "skipped": false
            },
            {
              "title": "Verifica se existe um botão com o id `generate-board`",
              "fullTitle": "10 - Faça o quadro de pixels ter seu tamanho definido pelo usuário. Verifica se existe um botão com o id `generate-board`",
              "timedOut": null,
              "duration": 4262,
              "state": "failed",
              "speed": null,
              "pass": false,
              "fail": true,
              "pending": false,
              "context": null,
              "code": "cy.get('#generate-board').should('be.visible');",
              "err": {
                "message": "CypressError: Timed out retrying: Expected to find element: '#generate-board', but never found it.",
                "estack": "CypressError: Timed out retrying: Expected to find element: '#generate-board', but never found it.\n    at cypressErr (http://localhost:37643/__cypress/runner/cypress_runner.js:149934:9)\n    at throwErr (http://localhost:37643/__cypress/runner/cypress_runner.js:149867:11)\n    at Object.throwErrByPath (http://localhost:37643/__cypress/runner/cypress_runner.js:149915:3)\n    at retry (http://localhost:37643/__cypress/runner/cypress_runner.js:144197:19)\n    at onFailFn (http://localhost:37643/__cypress/runner/cypress_runner.js:132448:16)\n    at tryCatcher (http://localhost:37643/__cypress/runner/cypress_runner.js:167415:23)\n    at Promise._settlePromiseFromHandler (http://localhost:37643/__cypress/runner/cypress_runner.js:165351:31)\n    at Promise._settlePromise (http://localhost:37643/__cypress/runner/cypress_runner.js:165408:18)\n    at Promise._settlePromise0 (http://localhost:37643/__cypress/runner/cypress_runner.js:165453:10)\n    at Promise._settlePromises (http://localhost:37643/__cypress/runner/cypress_runner.js:165528:18)\n    at Async../node_modules/bluebird/js/release/async.js.Async._drainQueue (http://localhost:37643/__cypress/runner/cypress_runner.js:162140:16)\n    at Async../node_modules/bluebird/js/release/async.js.Async._drainQueues (http://localhost:37643/__cypress/runner/cypress_runner.js:162150:10)\n    at Async.drainQueues (http://localhost:37643/__cypress/runner/cypress_runner.js:162024:14)",
                "diff": null
              },
              "uuid": "c99f6e5f-6e5e-4764-af56-3e50d9bee668",
              "parentUUID": "3d8b02fa-4045-4a35-961d-31a797b8641e",
              "isHook": false,
              "skipped": false
            },
            {
              "title": "Verifica se o input só aceita número maiores que zero. Essa restrição deve ser feita usando os atributos do elemento `input`",
              "fullTitle": "10 - Faça o quadro de pixels ter seu tamanho definido pelo usuário. Verifica se o input só aceita número maiores que zero. Essa restrição deve ser feita usando os atributos do elemento `input`",
              "timedOut": null,
              "duration": 4257,
              "state": "failed",
              "speed": null,
              "pass": false,
              "fail": true,
              "pending": false,
              "context": null,
              "code": "cy.get('#board-size[type=\\'number\\'][min=\\'1\\']');",
              "err": {
                "message": "CypressError: Timed out retrying: Expected to find element: '#board-size[type='number'][min='1']', but never found it.",
                "estack": "CypressError: Timed out retrying: Expected to find element: '#board-size[type='number'][min='1']', but never found it.\n    at cypressErr (http://localhost:37643/__cypress/runner/cypress_runner.js:149934:9)\n    at throwErr (http://localhost:37643/__cypress/runner/cypress_runner.js:149867:11)\n    at Object.throwErrByPath (http://localhost:37643/__cypress/runner/cypress_runner.js:149915:3)\n    at retry (http://localhost:37643/__cypress/runner/cypress_runner.js:144197:19)\n    at onFailFn (http://localhost:37643/__cypress/runner/cypress_runner.js:132448:16)\n    at tryCatcher (http://localhost:37643/__cypress/runner/cypress_runner.js:167415:23)\n    at Promise._settlePromiseFromHandler (http://localhost:37643/__cypress/runner/cypress_runner.js:165351:31)\n    at Promise._settlePromise (http://localhost:37643/__cypress/runner/cypress_runner.js:165408:18)\n    at Promise._settlePromise0 (http://localhost:37643/__cypress/runner/cypress_runner.js:165453:10)\n    at Promise._settlePromises (http://localhost:37643/__cypress/runner/cypress_runner.js:165528:18)\n    at Async../node_modules/bluebird/js/release/async.js.Async._drainQueue (http://localhost:37643/__cypress/runner/cypress_runner.js:162140:16)\n    at Async../node_modules/bluebird/js/release/async.js.Async._drainQueues (http://localhost:37643/__cypress/runner/cypress_runner.js:162150:10)\n    at Async.drainQueues (http://localhost:37643/__cypress/runner/cypress_runner.js:162024:14)",
                "diff": null
              },
              "uuid": "82034f9b-6511-42a5-b6fa-878b475928f7",
              "parentUUID": "3d8b02fa-4045-4a35-961d-31a797b8641e",
              "isHook": false,
              "skipped": false
            },
            {
              "title": "Verifica se o botão contém o texto 'VQV'",
              "fullTitle": "10 - Faça o quadro de pixels ter seu tamanho definido pelo usuário. Verifica se o botão contém o texto 'VQV'",
              "timedOut": null,
              "duration": 4297,
              "state": "failed",
              "speed": null,
              "pass": false,
              "fail": true,
              "pending": false,
              "context": null,
              "code": "cy.get('#generate-board').contains(/vqv/i);",
              "err": {
                "message": "CypressError: Timed out retrying: Expected to find element: '#generate-board', but never found it.",
                "estack": "CypressError: Timed out retrying: Expected to find element: '#generate-board', but never found it.\n    at cypressErr (http://localhost:37643/__cypress/runner/cypress_runner.js:149934:9)\n    at throwErr (http://localhost:37643/__cypress/runner/cypress_runner.js:149867:11)\n    at Object.throwErrByPath (http://localhost:37643/__cypress/runner/cypress_runner.js:149915:3)\n    at retry (http://localhost:37643/__cypress/runner/cypress_runner.js:144197:19)\n    at onFailFn (http://localhost:37643/__cypress/runner/cypress_runner.js:132448:16)\n    at tryCatcher (http://localhost:37643/__cypress/runner/cypress_runner.js:167415:23)\n    at Promise._settlePromiseFromHandler (http://localhost:37643/__cypress/runner/cypress_runner.js:165351:31)\n    at Promise._settlePromise (http://localhost:37643/__cypress/runner/cypress_runner.js:165408:18)\n    at Promise._settlePromise0 (http://localhost:37643/__cypress/runner/cypress_runner.js:165453:10)\n    at Promise._settlePromises (http://localhost:37643/__cypress/runner/cypress_runner.js:165528:18)\n    at Async../node_modules/bluebird/js/release/async.js.Async._drainQueue (http://localhost:37643/__cypress/runner/cypress_runner.js:162140:16)\n    at Async../node_modules/bluebird/js/release/async.js.Async._drainQueues (http://localhost:37643/__cypress/runner/cypress_runner.js:162150:10)\n    at Async.drainQueues (http://localhost:37643/__cypress/runner/cypress_runner.js:162024:14)",
                "diff": null
              },
              "uuid": "0febe2a0-3bb2-4238-b0a7-a981d0d97778",
              "parentUUID": "3d8b02fa-4045-4a35-961d-31a797b8641e",
              "isHook": false,
              "skipped": false
            },
            {
              "title": "Verifica se o input está posicionado entre a paleta de cores e o quadro de pixels",
              "fullTitle": "10 - Faça o quadro de pixels ter seu tamanho definido pelo usuário. Verifica se o input está posicionado entre a paleta de cores e o quadro de pixels",
              "timedOut": null,
              "duration": 4359,
              "state": "failed",
              "speed": null,
              "pass": false,
              "fail": true,
              "pending": false,
              "context": null,
              "code": "cy.get('#color-palette').then(function (palette) {\n  cy.get('#board-size').should('be.belowOf', palette);\n});\ncy.get('#board-size').then(function (palette) {\n  cy.get('#pixel-board').should('be.belowOf', palette);\n});",
              "err": {
                "message": "CypressError: Timed out retrying: Expected to find element: '#board-size', but never found it.",
                "estack": "CypressError: Timed out retrying: Expected to find element: '#board-size', but never found it.\n    at cypressErr (http://localhost:37643/__cypress/runner/cypress_runner.js:149934:9)\n    at throwErr (http://localhost:37643/__cypress/runner/cypress_runner.js:149867:11)\n    at Object.throwErrByPath (http://localhost:37643/__cypress/runner/cypress_runner.js:149915:3)\n    at retry (http://localhost:37643/__cypress/runner/cypress_runner.js:144197:19)\n    at onFailFn (http://localhost:37643/__cypress/runner/cypress_runner.js:132448:16)\n    at tryCatcher (http://localhost:37643/__cypress/runner/cypress_runner.js:167415:23)\n    at Promise._settlePromiseFromHandler (http://localhost:37643/__cypress/runner/cypress_runner.js:165351:31)\n    at Promise._settlePromise (http://localhost:37643/__cypress/runner/cypress_runner.js:165408:18)\n    at Promise._settlePromise0 (http://localhost:37643/__cypress/runner/cypress_runner.js:165453:10)\n    at Promise._settlePromises (http://localhost:37643/__cypress/runner/cypress_runner.js:165528:18)\n    at Async../node_modules/bluebird/js/release/async.js.Async._drainQueue (http://localhost:37643/__cypress/runner/cypress_runner.js:162140:16)\n    at Async../node_modules/bluebird/js/release/async.js.Async._drainQueues (http://localhost:37643/__cypress/runner/cypress_runner.js:162150:10)\n    at Async.drainQueues (http://localhost:37643/__cypress/runner/cypress_runner.js:162024:14)",
                "diff": null
              },
              "uuid": "1ca42f58-7123-44f2-ace5-eeea6efb1433",
              "parentUUID": "3d8b02fa-4045-4a35-961d-31a797b8641e",
              "isHook": false,
              "skipped": false
            },
            {
              "title": "Verifica se o botão está posicionado ao lado do input",
              "fullTitle": "10 - Faça o quadro de pixels ter seu tamanho definido pelo usuário. Verifica se o botão está posicionado ao lado do input",
              "timedOut": null,
              "duration": 4278,
              "state": "failed",
              "speed": null,
              "pass": false,
              "fail": true,
              "pending": false,
              "context": null,
              "code": "cy.get('#board-size').then(function (board) {\n  cy.get('#generate-board').should('be.onTheRightOf', board);\n});",
              "err": {
                "message": "CypressError: Timed out retrying: Expected to find element: '#board-size', but never found it.",
                "estack": "CypressError: Timed out retrying: Expected to find element: '#board-size', but never found it.\n    at cypressErr (http://localhost:37643/__cypress/runner/cypress_runner.js:149934:9)\n    at throwErr (http://localhost:37643/__cypress/runner/cypress_runner.js:149867:11)\n    at Object.throwErrByPath (http://localhost:37643/__cypress/runner/cypress_runner.js:149915:3)\n    at retry (http://localhost:37643/__cypress/runner/cypress_runner.js:144197:19)\n    at onFailFn (http://localhost:37643/__cypress/runner/cypress_runner.js:132448:16)\n    at tryCatcher (http://localhost:37643/__cypress/runner/cypress_runner.js:167415:23)\n    at Promise._settlePromiseFromHandler (http://localhost:37643/__cypress/runner/cypress_runner.js:165351:31)\n    at Promise._settlePromise (http://localhost:37643/__cypress/runner/cypress_runner.js:165408:18)\n    at Promise._settlePromise0 (http://localhost:37643/__cypress/runner/cypress_runner.js:165453:10)\n    at Promise._settlePromises (http://localhost:37643/__cypress/runner/cypress_runner.js:165528:18)\n    at Async../node_modules/bluebird/js/release/async.js.Async._drainQueue (http://localhost:37643/__cypress/runner/cypress_runner.js:162140:16)\n    at Async../node_modules/bluebird/js/release/async.js.Async._drainQueues (http://localhost:37643/__cypress/runner/cypress_runner.js:162150:10)\n    at Async.drainQueues (http://localhost:37643/__cypress/runner/cypress_runner.js:162024:14)",
                "diff": null
              },
              "uuid": "e75e76bc-61b6-41e8-aa42-b32e53d5a3e0",
              "parentUUID": "3d8b02fa-4045-4a35-961d-31a797b8641e",
              "isHook": false,
              "skipped": false
            },
            {
              "title": "Verifica se nenhum valor for colocado no input ao clicar no botão, um `alert` é exibido com o texto: 'Board inválido!'",
              "fullTitle": "10 - Faça o quadro de pixels ter seu tamanho definido pelo usuário. Verifica se nenhum valor for colocado no input ao clicar no botão, um `alert` é exibido com o texto: 'Board inválido!'",
              "timedOut": null,
              "duration": 4311,
              "state": "failed",
              "speed": null,
              "pass": false,
              "fail": true,
              "pending": false,
              "context": null,
              "code": "var alerted = false;\ncy.on('window:alert', function (msg) {\n  return alerted = msg;\n});\ncy.get('#generate-board').click().then(function () {\n  return expect(alerted).to.match(/Board inválido!/i);\n});",
              "err": {
                "message": "CypressError: Timed out retrying: Expected to find element: '#generate-board', but never found it.",
                "estack": "CypressError: Timed out retrying: Expected to find element: '#generate-board', but never found it.\n    at cypressErr (http://localhost:37643/__cypress/runner/cypress_runner.js:149934:9)\n    at throwErr (http://localhost:37643/__cypress/runner/cypress_runner.js:149867:11)\n    at Object.throwErrByPath (http://localhost:37643/__cypress/runner/cypress_runner.js:149915:3)\n    at retry (http://localhost:37643/__cypress/runner/cypress_runner.js:144197:19)\n    at onFailFn (http://localhost:37643/__cypress/runner/cypress_runner.js:132448:16)\n    at tryCatcher (http://localhost:37643/__cypress/runner/cypress_runner.js:167415:23)\n    at Promise._settlePromiseFromHandler (http://localhost:37643/__cypress/runner/cypress_runner.js:165351:31)\n    at Promise._settlePromise (http://localhost:37643/__cypress/runner/cypress_runner.js:165408:18)\n    at Promise._settlePromise0 (http://localhost:37643/__cypress/runner/cypress_runner.js:165453:10)\n    at Promise._settlePromises (http://localhost:37643/__cypress/runner/cypress_runner.js:165528:18)\n    at Async../node_modules/bluebird/js/release/async.js.Async._drainQueue (http://localhost:37643/__cypress/runner/cypress_runner.js:162140:16)\n    at Async../node_modules/bluebird/js/release/async.js.Async._drainQueues (http://localhost:37643/__cypress/runner/cypress_runner.js:162150:10)\n    at Async.drainQueues (http://localhost:37643/__cypress/runner/cypress_runner.js:162024:14)",
                "diff": null
              },
              "uuid": "a3e965d5-2ccc-4c27-afff-91d47a30daf8",
              "parentUUID": "3d8b02fa-4045-4a35-961d-31a797b8641e",
              "isHook": false,
              "skipped": false
            },
            {
              "title": "Verifica se ao clicar no botão com um valor preenchido, o tamanho do board muda.",
              "fullTitle": "10 - Faça o quadro de pixels ter seu tamanho definido pelo usuário. Verifica se ao clicar no botão com um valor preenchido, o tamanho do board muda.",
              "timedOut": null,
              "duration": 4278,
              "state": "failed",
              "speed": null,
              "pass": false,
              "fail": true,
              "pending": false,
              "context": null,
              "code": "cy.get('#board-size').clear().type(10);\ncy.get('#generate-board').click();\ncy.get('.pixel').should('have.length', 100);",
              "err": {
                "message": "CypressError: Timed out retrying: Expected to find element: '#board-size', but never found it.",
                "estack": "CypressError: Timed out retrying: Expected to find element: '#board-size', but never found it.\n    at cypressErr (http://localhost:37643/__cypress/runner/cypress_runner.js:149934:9)\n    at throwErr (http://localhost:37643/__cypress/runner/cypress_runner.js:149867:11)\n    at Object.throwErrByPath (http://localhost:37643/__cypress/runner/cypress_runner.js:149915:3)\n    at retry (http://localhost:37643/__cypress/runner/cypress_runner.js:144197:19)\n    at onFailFn (http://localhost:37643/__cypress/runner/cypress_runner.js:132448:16)\n    at tryCatcher (http://localhost:37643/__cypress/runner/cypress_runner.js:167415:23)\n    at Promise._settlePromiseFromHandler (http://localhost:37643/__cypress/runner/cypress_runner.js:165351:31)\n    at Promise._settlePromise (http://localhost:37643/__cypress/runner/cypress_runner.js:165408:18)\n    at Promise._settlePromise0 (http://localhost:37643/__cypress/runner/cypress_runner.js:165453:10)\n    at Promise._settlePromises (http://localhost:37643/__cypress/runner/cypress_runner.js:165528:18)\n    at Async../node_modules/bluebird/js/release/async.js.Async._drainQueue (http://localhost:37643/__cypress/runner/cypress_runner.js:162140:16)\n    at Async../node_modules/bluebird/js/release/async.js.Async._drainQueues (http://localhost:37643/__cypress/runner/cypress_runner.js:162150:10)\n    at Async.drainQueues (http://localhost:37643/__cypress/runner/cypress_runner.js:162024:14)",
                "diff": null
              },
              "uuid": "66ee58aa-42ab-4b33-8e50-a6cadfad4006",
              "parentUUID": "3d8b02fa-4045-4a35-961d-31a797b8641e",
              "isHook": false,
              "skipped": false
            },
            {
              "title": "Verifica se o novo quadro tem todos os pixels preenchidos com a cor branca",
              "fullTitle": "10 - Faça o quadro de pixels ter seu tamanho definido pelo usuário. Verifica se o novo quadro tem todos os pixels preenchidos com a cor branca",
              "timedOut": null,
              "duration": 4316,
              "state": "failed",
              "speed": null,
              "pass": false,
              "fail": true,
              "pending": false,
              "context": null,
              "code": "cy.get('#board-size').clear().type(6);\ncy.get('#generate-board').click();\ncy.get('.pixel').should('have.length', 36).each(function (pixel) {\n  expect(pixel).to.have.css('background-color', WHITE);\n});",
              "err": {
                "message": "CypressError: Timed out retrying: Expected to find element: '#board-size', but never found it.",
                "estack": "CypressError: Timed out retrying: Expected to find element: '#board-size', but never found it.\n    at cypressErr (http://localhost:37643/__cypress/runner/cypress_runner.js:149934:9)\n    at throwErr (http://localhost:37643/__cypress/runner/cypress_runner.js:149867:11)\n    at Object.throwErrByPath (http://localhost:37643/__cypress/runner/cypress_runner.js:149915:3)\n    at retry (http://localhost:37643/__cypress/runner/cypress_runner.js:144197:19)\n    at onFailFn (http://localhost:37643/__cypress/runner/cypress_runner.js:132448:16)\n    at tryCatcher (http://localhost:37643/__cypress/runner/cypress_runner.js:167415:23)\n    at Promise._settlePromiseFromHandler (http://localhost:37643/__cypress/runner/cypress_runner.js:165351:31)\n    at Promise._settlePromise (http://localhost:37643/__cypress/runner/cypress_runner.js:165408:18)\n    at Promise._settlePromise0 (http://localhost:37643/__cypress/runner/cypress_runner.js:165453:10)\n    at Promise._settlePromises (http://localhost:37643/__cypress/runner/cypress_runner.js:165528:18)\n    at Async../node_modules/bluebird/js/release/async.js.Async._drainQueue (http://localhost:37643/__cypress/runner/cypress_runner.js:162140:16)\n    at Async../node_modules/bluebird/js/release/async.js.Async._drainQueues (http://localhost:37643/__cypress/runner/cypress_runner.js:162150:10)\n    at Async.drainQueues (http://localhost:37643/__cypress/runner/cypress_runner.js:162024:14)",
                "diff": null
              },
              "uuid": "cb165cf6-9bc1-4c3d-9906-626806800cbb",
              "parentUUID": "3d8b02fa-4045-4a35-961d-31a797b8641e",
              "isHook": false,
              "skipped": false
            }
          ],
          "suites": [],
          "passes": [],
          "failures": [
            "69f85249-8181-4311-856e-f2a2c09a0fad",
            "c99f6e5f-6e5e-4764-af56-3e50d9bee668",
            "82034f9b-6511-42a5-b6fa-878b475928f7",
            "0febe2a0-3bb2-4238-b0a7-a981d0d97778",
            "1ca42f58-7123-44f2-ace5-eeea6efb1433",
            "e75e76bc-61b6-41e8-aa42-b32e53d5a3e0",
            "a3e965d5-2ccc-4c27-afff-91d47a30daf8",
            "66ee58aa-42ab-4b33-8e50-a6cadfad4006",
            "cb165cf6-9bc1-4c3d-9906-626806800cbb"
          ],
          "pending": [],
          "skipped": [],
          "duration": 38659,
          "root": false,
          "rootEmpty": false,
          "_timeout": 2000
        },
        {
          "uuid": "7e197efe-3fd5-4bf2-86e6-73279da1b69d",
          "title": "11 - Limite o tamanho mínimo e máximo do board.",
          "fullFile": "",
          "file": "",
          "beforeHooks": [],
          "afterHooks": [],
          "tests": [
            {
              "title": "Verifica se a altura máxima do board é 50",
              "fullTitle": "11 - Limite o tamanho mínimo e máximo do board. Verifica se a altura máxima do board é 50",
              "timedOut": null,
              "duration": 4340,
              "state": "failed",
              "speed": null,
              "pass": false,
              "fail": true,
              "pending": false,
              "context": null,
              "code": "cy.get('#board-size').clear().type(50);\ncy.get('#generate-board').click();\ncy.get('.pixel').should('have.length', 2500);",
              "err": {
                "message": "CypressError: Timed out retrying: Expected to find element: '#board-size', but never found it.",
                "estack": "CypressError: Timed out retrying: Expected to find element: '#board-size', but never found it.\n    at cypressErr (http://localhost:37643/__cypress/runner/cypress_runner.js:149934:9)\n    at throwErr (http://localhost:37643/__cypress/runner/cypress_runner.js:149867:11)\n    at Object.throwErrByPath (http://localhost:37643/__cypress/runner/cypress_runner.js:149915:3)\n    at retry (http://localhost:37643/__cypress/runner/cypress_runner.js:144197:19)\n    at onFailFn (http://localhost:37643/__cypress/runner/cypress_runner.js:132448:16)\n    at tryCatcher (http://localhost:37643/__cypress/runner/cypress_runner.js:167415:23)\n    at Promise._settlePromiseFromHandler (http://localhost:37643/__cypress/runner/cypress_runner.js:165351:31)\n    at Promise._settlePromise (http://localhost:37643/__cypress/runner/cypress_runner.js:165408:18)\n    at Promise._settlePromise0 (http://localhost:37643/__cypress/runner/cypress_runner.js:165453:10)\n    at Promise._settlePromises (http://localhost:37643/__cypress/runner/cypress_runner.js:165528:18)\n    at Async../node_modules/bluebird/js/release/async.js.Async._drainQueue (http://localhost:37643/__cypress/runner/cypress_runner.js:162140:16)\n    at Async../node_modules/bluebird/js/release/async.js.Async._drainQueues (http://localhost:37643/__cypress/runner/cypress_runner.js:162150:10)\n    at Async.drainQueues (http://localhost:37643/__cypress/runner/cypress_runner.js:162024:14)",
                "diff": null
              },
              "uuid": "d1b96d52-fc1c-4d32-a3ae-2932ce0ac3dd",
              "parentUUID": "7e197efe-3fd5-4bf2-86e6-73279da1b69d",
              "isHook": false,
              "skipped": false
            },
            {
              "title": "Verifica se a altura do board é 5 quando um valor menor é colocado no input",
              "fullTitle": "11 - Limite o tamanho mínimo e máximo do board. Verifica se a altura do board é 5 quando um valor menor é colocado no input",
              "timedOut": null,
              "duration": 4269,
              "state": "failed",
              "speed": null,
              "pass": false,
              "fail": true,
              "pending": false,
              "context": null,
              "code": "cy.get('#board-size').clear().type(4);\ncy.get('#generate-board').click();\ncy.get('.pixel').should('have.length', 25);",
              "err": {
                "message": "CypressError: Timed out retrying: Expected to find element: '#board-size', but never found it.",
                "estack": "CypressError: Timed out retrying: Expected to find element: '#board-size', but never found it.\n    at cypressErr (http://localhost:37643/__cypress/runner/cypress_runner.js:149934:9)\n    at throwErr (http://localhost:37643/__cypress/runner/cypress_runner.js:149867:11)\n    at Object.throwErrByPath (http://localhost:37643/__cypress/runner/cypress_runner.js:149915:3)\n    at retry (http://localhost:37643/__cypress/runner/cypress_runner.js:144197:19)\n    at onFailFn (http://localhost:37643/__cypress/runner/cypress_runner.js:132448:16)\n    at tryCatcher (http://localhost:37643/__cypress/runner/cypress_runner.js:167415:23)\n    at Promise._settlePromiseFromHandler (http://localhost:37643/__cypress/runner/cypress_runner.js:165351:31)\n    at Promise._settlePromise (http://localhost:37643/__cypress/runner/cypress_runner.js:165408:18)\n    at Promise._settlePromise0 (http://localhost:37643/__cypress/runner/cypress_runner.js:165453:10)\n    at Promise._settlePromises (http://localhost:37643/__cypress/runner/cypress_runner.js:165528:18)\n    at Async../node_modules/bluebird/js/release/async.js.Async._drainQueue (http://localhost:37643/__cypress/runner/cypress_runner.js:162140:16)\n    at Async../node_modules/bluebird/js/release/async.js.Async._drainQueues (http://localhost:37643/__cypress/runner/cypress_runner.js:162150:10)\n    at Async.drainQueues (http://localhost:37643/__cypress/runner/cypress_runner.js:162024:14)",
                "diff": null
              },
              "uuid": "f12f71c0-e404-4d6a-a9ae-4a6b09f11d6b",
              "parentUUID": "7e197efe-3fd5-4bf2-86e6-73279da1b69d",
              "isHook": false,
              "skipped": false
            },
            {
              "title": "Verifica se a altura do board é 50 quando um valor maior é colocado no input",
              "fullTitle": "11 - Limite o tamanho mínimo e máximo do board. Verifica se a altura do board é 50 quando um valor maior é colocado no input",
              "timedOut": null,
              "duration": 4481,
              "state": "failed",
              "speed": null,
              "pass": false,
              "fail": true,
              "pending": false,
              "context": null,
              "code": "cy.get('#board-size').clear().type(51);\ncy.get('#generate-board').click();\ncy.get('.pixel').should('have.length', 2500);",
              "err": {
                "message": "CypressError: Timed out retrying: Expected to find element: '#board-size', but never found it.",
                "estack": "CypressError: Timed out retrying: Expected to find element: '#board-size', but never found it.\n    at cypressErr (http://localhost:37643/__cypress/runner/cypress_runner.js:149934:9)\n    at throwErr (http://localhost:37643/__cypress/runner/cypress_runner.js:149867:11)\n    at Object.throwErrByPath (http://localhost:37643/__cypress/runner/cypress_runner.js:149915:3)\n    at retry (http://localhost:37643/__cypress/runner/cypress_runner.js:144197:19)\n    at onFailFn (http://localhost:37643/__cypress/runner/cypress_runner.js:132448:16)\n    at tryCatcher (http://localhost:37643/__cypress/runner/cypress_runner.js:167415:23)\n    at Promise._settlePromiseFromHandler (http://localhost:37643/__cypress/runner/cypress_runner.js:165351:31)\n    at Promise._settlePromise (http://localhost:37643/__cypress/runner/cypress_runner.js:165408:18)\n    at Promise._settlePromise0 (http://localhost:37643/__cypress/runner/cypress_runner.js:165453:10)\n    at Promise._settlePromises (http://localhost:37643/__cypress/runner/cypress_runner.js:165528:18)\n    at Async../node_modules/bluebird/js/release/async.js.Async._drainQueue (http://localhost:37643/__cypress/runner/cypress_runner.js:162140:16)\n    at Async../node_modules/bluebird/js/release/async.js.Async._drainQueues (http://localhost:37643/__cypress/runner/cypress_runner.js:162150:10)\n    at Async.drainQueues (http://localhost:37643/__cypress/runner/cypress_runner.js:162024:14)",
                "diff": null
              },
              "uuid": "1ad94bf8-1b95-47d6-859a-cbd254536d66",
              "parentUUID": "7e197efe-3fd5-4bf2-86e6-73279da1b69d",
              "isHook": false,
              "skipped": false
            }
          ],
          "suites": [],
          "passes": [],
          "failures": [
            "d1b96d52-fc1c-4d32-a3ae-2932ce0ac3dd",
            "f12f71c0-e404-4d6a-a9ae-4a6b09f11d6b",
            "1ad94bf8-1b95-47d6-859a-cbd254536d66"
          ],
          "pending": [],
          "skipped": [],
          "duration": 13090,
          "root": false,
          "rootEmpty": false,
          "_timeout": 2000
        },
        {
          "uuid": "5be19081-25da-4f79-941c-cb8f0541115e",
          "title": "12 - Faça com que as cores da paleta sejam geradas aleatoriamente ao carregar a página.",
          "fullFile": "",
          "file": "",
          "beforeHooks": [],
          "afterHooks": [],
          "tests": [
            {
              "title": "Verifica se as cores geradas na paleta são diferentes a cada carregamento da página",
              "fullTitle": "12 - Faça com que as cores da paleta sejam geradas aleatoriamente ao carregar a página. Verifica se as cores geradas na paleta são diferentes a cada carregamento da página",
              "timedOut": null,
              "duration": 388,
              "state": "failed",
              "speed": null,
              "pass": false,
              "fail": true,
              "pending": false,
              "context": null,
              "code": "cy.get('.color').then(function (colors) {\n  var currentColors;\n  var previousColors;\n  previousColors = Array.from(colors).map(function (color) {\n    return Cypress.$(color).css('background-color');\n  });\n  for (var i = 0; i < 5; i += 1) {\n    cy.reload();\n    cy.get('.color').then(function (colors) {\n      currentColors = Array.from(colors).map(function (color) {\n        return Cypress.$(color).css('background-color');\n      });\n      expect(currentColors).not.to.deep.equal(previousColors);\n      previousColors = currentColors;\n    });\n  }\n});",
              "err": {
                "message": "AssertionError: expected [ Array(4) ] to not deeply equal [ Array(4) ]",
                "estack": "AssertionError: expected [ Array(4) ] to not deeply equal [ Array(4) ]\n    at getRet (http://localhost:37643/__cypress/runner/cypress_runner.js:136585:16)\n    at tryCatcher (http://localhost:37643/__cypress/runner/cypress_runner.js:167415:23)\n    at Function.Promise.attempt.Promise.try (http://localhost:37643/__cypress/runner/cypress_runner.js:164690:29)\n    at Context.thenFn (http://localhost:37643/__cypress/runner/cypress_runner.js:136599:23)\n    at Context.then (http://localhost:37643/__cypress/runner/cypress_runner.js:136971:21)\n    at Context.<anonymous> (http://localhost:37643/__cypress/runner/cypress_runner.js:148875:21)\n    at http://localhost:37643/__cypress/runner/cypress_runner.js:148351:33\n    at tryCatcher (http://localhost:37643/__cypress/runner/cypress_runner.js:167415:23)\n    at Promise._settlePromiseFromHandler (http://localhost:37643/__cypress/runner/cypress_runner.js:165351:31)\n    at Promise._settlePromise (http://localhost:37643/__cypress/runner/cypress_runner.js:165408:18)\n    at Promise._settlePromiseCtx (http://localhost:37643/__cypress/runner/cypress_runner.js:165445:10)\n    at Async../node_modules/bluebird/js/release/async.js.Async._drainQueue (http://localhost:37643/__cypress/runner/cypress_runner.js:162145:12)\n    at Async../node_modules/bluebird/js/release/async.js.Async._drainQueues (http://localhost:37643/__cypress/runner/cypress_runner.js:162150:10)\n    at Async.drainQueues (http://localhost:37643/__cypress/runner/cypress_runner.js:162024:14)",
                "diff": ""
              },
              "uuid": "d603b0ee-684f-4340-9754-e1f3621d9cba",
              "parentUUID": "5be19081-25da-4f79-941c-cb8f0541115e",
              "isHook": false,
              "skipped": false
            },
            {
              "title": "Verifica se a cor preta ainda está presente e é a primeira na sua paleta de cores",
              "fullTitle": "12 - Faça com que as cores da paleta sejam geradas aleatoriamente ao carregar a página. Verifica se a cor preta ainda está presente e é a primeira na sua paleta de cores",
              "timedOut": null,
              "duration": 428,
              "state": "failed",
              "speed": null,
              "pass": false,
              "fail": true,
              "pending": false,
              "context": null,
              "code": "cy.get('.color').then(function (colors) {\n  var currentColors;\n  var previousColors;\n  previousColors = Array.from(colors).map(function (color) {\n    return Cypress.$(color).css('background-color');\n  });\n  expect(previousColors[0]).to.eq(BLACK);\n  for (var i = 0; i < 5; i += 1) {\n    cy.reload();\n    cy.get('.color').then(function (colors) {\n      currentColors = Array.from(colors).map(function (color) {\n        return Cypress.$(color).css('background-color');\n      });\n      expect(currentColors[0]).to.eq(BLACK);\n      expect(currentColors).not.to.deep.equal(previousColors);\n      previousColors = currentColors;\n    });\n  }\n});",
              "err": {
                "message": "AssertionError: expected [ Array(4) ] to not deeply equal [ Array(4) ]",
                "estack": "AssertionError: expected [ Array(4) ] to not deeply equal [ Array(4) ]\n    at getRet (http://localhost:37643/__cypress/runner/cypress_runner.js:136585:16)\n    at tryCatcher (http://localhost:37643/__cypress/runner/cypress_runner.js:167415:23)\n    at Function.Promise.attempt.Promise.try (http://localhost:37643/__cypress/runner/cypress_runner.js:164690:29)\n    at Context.thenFn (http://localhost:37643/__cypress/runner/cypress_runner.js:136599:23)\n    at Context.then (http://localhost:37643/__cypress/runner/cypress_runner.js:136971:21)\n    at Context.<anonymous> (http://localhost:37643/__cypress/runner/cypress_runner.js:148875:21)\n    at http://localhost:37643/__cypress/runner/cypress_runner.js:148351:33\n    at tryCatcher (http://localhost:37643/__cypress/runner/cypress_runner.js:167415:23)\n    at Promise._settlePromiseFromHandler (http://localhost:37643/__cypress/runner/cypress_runner.js:165351:31)\n    at Promise._settlePromise (http://localhost:37643/__cypress/runner/cypress_runner.js:165408:18)\n    at Promise._settlePromiseCtx (http://localhost:37643/__cypress/runner/cypress_runner.js:165445:10)\n    at Async../node_modules/bluebird/js/release/async.js.Async._drainQueue (http://localhost:37643/__cypress/runner/cypress_runner.js:162145:12)\n    at Async../node_modules/bluebird/js/release/async.js.Async._drainQueues (http://localhost:37643/__cypress/runner/cypress_runner.js:162150:10)\n    at Async.drainQueues (http://localhost:37643/__cypress/runner/cypress_runner.js:162024:14)",
                "diff": ""
              },
              "uuid": "4d05e4ca-0da0-4e8b-98e3-492952f71c63",
              "parentUUID": "5be19081-25da-4f79-941c-cb8f0541115e",
              "isHook": false,
              "skipped": false
            }
          ],
          "suites": [],
          "passes": [],
          "failures": [
            "d603b0ee-684f-4340-9754-e1f3621d9cba",
            "4d05e4ca-0da0-4e8b-98e3-492952f71c63"
          ],
          "pending": [],
          "skipped": [],
          "duration": 816,
          "root": false,
          "rootEmpty": false,
          "_timeout": 2000
        }
      ],
      "passes": [],
      "failures": [],
      "pending": [],
      "skipped": [],
      "duration": 0,
      "root": true,
      "rootEmpty": true,
      "_timeout": 2000
    }
  ],
  "meta": {
    "mocha": {
      "version": "7.0.1"
    },
    "mochawesome": {
      "options": {
        "quiet": false,
        "reportFilename": "mochawesome",
        "saveHtml": false,
        "saveJson": true,
        "consoleReporter": "spec",
        "useInlineDiffs": false
      },
      "version": "4.1.0"
    },
    "marge": {
      "options": {
        "id": "default",
        "reportDir": "cypress/reports",
        "overwrite": true,
        "html": false,
        "json": true
      },
      "version": "4.1.0"
    }
  }
}